This file contains any messages produced by compilers while
running configure, to aid debugging if configure makes a mistake.

It was created by minicom configure 2.6.1, which was
generated by GNU Autoconf 2.68.  Invocation command line was

  $ ./configure 

## --------- ##
## Platform. ##
## --------- ##

hostname = argo.avrasoft.ca
uname -m = x86_64
uname -r = 11.4.2
uname -s = Darwin
uname -v = Darwin Kernel Version 11.4.2: Thu Aug 23 16:25:48 PDT 2012; root:xnu-1699.32.7~1/RELEASE_X86_64

/usr/bin/uname -p = i386
/bin/uname -X     = unknown

/bin/arch              = unknown
/usr/bin/arch -k       = unknown
/usr/convex/getsysinfo = unknown
/usr/bin/hostinfo      = Mach kernel version:
	 Darwin Kernel Version 11.4.2: Thu Aug 23 16:25:48 PDT 2012; root:xnu-1699.32.7~1/RELEASE_X86_64
Kernel configured for up to 4 processors.
2 processors are physically available.
4 processors are logically available.
Processor type: i486 (Intel 80486)
Processors active: 0 1 2 3
Primary memory available: 4.00 gigabytes
Default processor set: 97 tasks, 424 threads, 4 processors
Load average: 1.22, Mach factor: 2.77
/bin/machine           = unknown
/usr/bin/oslevel       = unknown
/bin/universe          = unknown

PATH: /usr/local/ActivePerl-5.12/bin
PATH: /usr/local/bin
PATH: /Users/hoover/bin
PATH: /usr/bin
PATH: /bin
PATH: /usr/sbin
PATH: /sbin
PATH: /usr/local/bin
PATH: /usr/X11/bin
PATH: /usr/texbin
PATH: /usr/local/texlive/2011/bin/x86_64-darwin
PATH: /usr/local/netpbm/bin
PATH: /Users/hoover/site/prism/private/wslib/tool


## ----------- ##
## Core tests. ##
## ----------- ##

configure:2312: checking for a BSD-compatible install
configure:2380: result: /usr/bin/install -c
configure:2391: checking whether build environment is sane
configure:2441: result: yes
configure:2582: checking for a thread-safe mkdir -p
configure:2621: result: ./install-sh -c -d
configure:2634: checking for gawk
configure:2664: result: no
configure:2634: checking for mawk
configure:2664: result: no
configure:2634: checking for nawk
configure:2664: result: no
configure:2634: checking for awk
configure:2650: found /usr/bin/awk
configure:2661: result: awk
configure:2672: checking whether make sets $(MAKE)
configure:2694: result: yes
configure:2823: checking for gcc
configure:2839: found /usr/bin/gcc
configure:2850: result: gcc
configure:3079: checking for C compiler version
configure:3088: gcc --version >&5
i686-apple-darwin11-llvm-gcc-4.2 (GCC) 4.2.1 (Based on Apple Inc. build 5658) (LLVM build 2336.1.00)
Copyright (C) 2007 Free Software Foundation, Inc.
This is free software; see the source for copying conditions.  There is NO
warranty; not even for MERCHANTABILITY or FITNESS FOR A PARTICULAR PURPOSE.

configure:3099: $? = 0
configure:3088: gcc -v >&5
Using built-in specs.
Target: i686-apple-darwin11
Configured with: /private/var/tmp/llvmgcc42/llvmgcc42-2336.1~1/src/configure --disable-checking --enable-werror --prefix=/Developer/usr/llvm-gcc-4.2 --mandir=/share/man --enable-languages=c,objc,c++,obj-c++ --program-prefix=llvm- --program-transform-name=/^[cg][^.-]*$/s/$/-4.2/ --with-slibdir=/usr/lib --build=i686-apple-darwin11 --enable-llvm=/private/var/tmp/llvmgcc42/llvmgcc42-2336.1~1/dst-llvmCore/Developer/usr/local --program-prefix=i686-apple-darwin11- --host=x86_64-apple-darwin11 --target=i686-apple-darwin11 --with-gxx-include-dir=/usr/include/c++/4.2.1
Thread model: posix
gcc version 4.2.1 (Based on Apple Inc. build 5658) (LLVM build 2336.1.00)
configure:3099: $? = 0
configure:3088: gcc -V >&5
llvm-gcc-4.2: argument to `-V' is missing
configure:3099: $? = 1
configure:3088: gcc -qversion >&5
i686-apple-darwin11-llvm-gcc-4.2: no input files
configure:3099: $? = 1
configure:3119: checking whether the C compiler works
configure:3141: gcc    conftest.c  >&5
configure:3145: $? = 0
configure:3193: result: yes
configure:3196: checking for C compiler default output file name
configure:3198: result: a.out
configure:3204: checking for suffix of executables
configure:3211: gcc -o conftest    conftest.c  >&5
configure:3215: $? = 0
configure:3237: result: 
configure:3259: checking whether we are cross compiling
configure:3267: gcc -o conftest    conftest.c  >&5
configure:3271: $? = 0
configure:3278: ./conftest
configure:3282: $? = 0
configure:3297: result: no
configure:3302: checking for suffix of object files
configure:3324: gcc -c   conftest.c >&5
configure:3328: $? = 0
configure:3349: result: o
configure:3353: checking whether we are using the GNU C compiler
configure:3372: gcc -c   conftest.c >&5
configure:3372: $? = 0
configure:3381: result: yes
configure:3390: checking whether gcc accepts -g
configure:3410: gcc -c -g  conftest.c >&5
configure:3410: $? = 0
configure:3451: result: yes
configure:3468: checking for gcc option to accept ISO C89
configure:3532: gcc  -c -g -O2  conftest.c >&5
configure:3532: $? = 0
configure:3545: result: none needed
configure:3576: checking for style of include used by make
configure:3604: result: GNU
configure:3629: checking dependency style of gcc
configure:3739: result: gcc3
configure:3761: checking how to run the C preprocessor
configure:3792: gcc -E  conftest.c
configure:3792: $? = 0
configure:3806: gcc -E  conftest.c
conftest.c:11:28: error: ac_nonexistent.h: No such file or directory
configure:3806: $? = 1
configure: failed program was:
| /* confdefs.h */
| #define PACKAGE_NAME "minicom"
| #define PACKAGE_TARNAME "minicom"
| #define PACKAGE_VERSION "2.6.1"
| #define PACKAGE_STRING "minicom 2.6.1"
| #define PACKAGE_BUGREPORT "minicom-devel@lists.alioth.debian.org"
| #define PACKAGE_URL ""
| #define PACKAGE "minicom"
| #define VERSION "2.6.1"
| /* end confdefs.h.  */
| #include <ac_nonexistent.h>
configure:3831: result: gcc -E
configure:3851: gcc -E  conftest.c
configure:3851: $? = 0
configure:3865: gcc -E  conftest.c
conftest.c:11:28: error: ac_nonexistent.h: No such file or directory
configure:3865: $? = 1
configure: failed program was:
| /* confdefs.h */
| #define PACKAGE_NAME "minicom"
| #define PACKAGE_TARNAME "minicom"
| #define PACKAGE_VERSION "2.6.1"
| #define PACKAGE_STRING "minicom 2.6.1"
| #define PACKAGE_BUGREPORT "minicom-devel@lists.alioth.debian.org"
| #define PACKAGE_URL ""
| #define PACKAGE "minicom"
| #define VERSION "2.6.1"
| /* end confdefs.h.  */
| #include <ac_nonexistent.h>
configure:3894: checking for grep that handles long lines and -e
configure:3952: result: /usr/bin/grep
configure:3957: checking for egrep
configure:4019: result: /usr/bin/grep -E
configure:4024: checking for ANSI C header files
configure:4044: gcc -c -g -O2  conftest.c >&5
configure:4044: $? = 0
configure:4117: gcc -o conftest -g -O2   conftest.c  >&5
configure:4117: $? = 0
configure:4117: ./conftest
configure:4117: $? = 0
configure:4128: result: yes
configure:4141: checking for sys/types.h
configure:4141: gcc -c -g -O2  conftest.c >&5
configure:4141: $? = 0
configure:4141: result: yes
configure:4141: checking for sys/stat.h
configure:4141: gcc -c -g -O2  conftest.c >&5
configure:4141: $? = 0
configure:4141: result: yes
configure:4141: checking for stdlib.h
configure:4141: gcc -c -g -O2  conftest.c >&5
configure:4141: $? = 0
configure:4141: result: yes
configure:4141: checking for string.h
configure:4141: gcc -c -g -O2  conftest.c >&5
configure:4141: $? = 0
configure:4141: result: yes
configure:4141: checking for memory.h
configure:4141: gcc -c -g -O2  conftest.c >&5
configure:4141: $? = 0
configure:4141: result: yes
configure:4141: checking for strings.h
configure:4141: gcc -c -g -O2  conftest.c >&5
configure:4141: $? = 0
configure:4141: result: yes
configure:4141: checking for inttypes.h
configure:4141: gcc -c -g -O2  conftest.c >&5
configure:4141: $? = 0
configure:4141: result: yes
configure:4141: checking for stdint.h
configure:4141: gcc -c -g -O2  conftest.c >&5
configure:4141: $? = 0
configure:4141: result: yes
configure:4141: checking for unistd.h
configure:4141: gcc -c -g -O2  conftest.c >&5
configure:4141: $? = 0
configure:4141: result: yes
configure:4154: checking minix/config.h usability
configure:4154: gcc -c -g -O2  conftest.c >&5
conftest.c:54:26: error: minix/config.h: No such file or directory
configure:4154: $? = 1
configure: failed program was:
| /* confdefs.h */
| #define PACKAGE_NAME "minicom"
| #define PACKAGE_TARNAME "minicom"
| #define PACKAGE_VERSION "2.6.1"
| #define PACKAGE_STRING "minicom 2.6.1"
| #define PACKAGE_BUGREPORT "minicom-devel@lists.alioth.debian.org"
| #define PACKAGE_URL ""
| #define PACKAGE "minicom"
| #define VERSION "2.6.1"
| #define STDC_HEADERS 1
| #define HAVE_SYS_TYPES_H 1
| #define HAVE_SYS_STAT_H 1
| #define HAVE_STDLIB_H 1
| #define HAVE_STRING_H 1
| #define HAVE_MEMORY_H 1
| #define HAVE_STRINGS_H 1
| #define HAVE_INTTYPES_H 1
| #define HAVE_STDINT_H 1
| #define HAVE_UNISTD_H 1
| /* end confdefs.h.  */
| #include <stdio.h>
| #ifdef HAVE_SYS_TYPES_H
| # include <sys/types.h>
| #endif
| #ifdef HAVE_SYS_STAT_H
| # include <sys/stat.h>
| #endif
| #ifdef STDC_HEADERS
| # include <stdlib.h>
| # include <stddef.h>
| #else
| # ifdef HAVE_STDLIB_H
| #  include <stdlib.h>
| # endif
| #endif
| #ifdef HAVE_STRING_H
| # if !defined STDC_HEADERS && defined HAVE_MEMORY_H
| #  include <memory.h>
| # endif
| # include <string.h>
| #endif
| #ifdef HAVE_STRINGS_H
| # include <strings.h>
| #endif
| #ifdef HAVE_INTTYPES_H
| # include <inttypes.h>
| #endif
| #ifdef HAVE_STDINT_H
| # include <stdint.h>
| #endif
| #ifdef HAVE_UNISTD_H
| # include <unistd.h>
| #endif
| #include <minix/config.h>
configure:4154: result: no
configure:4154: checking minix/config.h presence
configure:4154: gcc -E  conftest.c
conftest.c:21:26: error: minix/config.h: No such file or directory
configure:4154: $? = 1
configure: failed program was:
| /* confdefs.h */
| #define PACKAGE_NAME "minicom"
| #define PACKAGE_TARNAME "minicom"
| #define PACKAGE_VERSION "2.6.1"
| #define PACKAGE_STRING "minicom 2.6.1"
| #define PACKAGE_BUGREPORT "minicom-devel@lists.alioth.debian.org"
| #define PACKAGE_URL ""
| #define PACKAGE "minicom"
| #define VERSION "2.6.1"
| #define STDC_HEADERS 1
| #define HAVE_SYS_TYPES_H 1
| #define HAVE_SYS_STAT_H 1
| #define HAVE_STDLIB_H 1
| #define HAVE_STRING_H 1
| #define HAVE_MEMORY_H 1
| #define HAVE_STRINGS_H 1
| #define HAVE_INTTYPES_H 1
| #define HAVE_STDINT_H 1
| #define HAVE_UNISTD_H 1
| /* end confdefs.h.  */
| #include <minix/config.h>
configure:4154: result: no
configure:4154: checking for minix/config.h
configure:4154: result: no
configure:4175: checking whether it is safe to define __EXTENSIONS__
configure:4193: gcc -c -g -O2  conftest.c >&5
configure:4193: $? = 0
configure:4200: result: yes
configure:4261: checking for ranlib
configure:4277: found /usr/bin/ranlib
configure:4288: result: ranlib
configure:4311: checking for library containing strerror
configure:4342: gcc -o conftest -g -O2   conftest.c  >&5
configure:4342: $? = 0
configure:4359: result: none required
configure:4371: checking build system type
configure:4385: result: x86_64-apple-darwin11.4.2
configure:4405: checking host system type
configure:4418: result: x86_64-apple-darwin11.4.2
configure:4478: checking for ld used by GCC
configure:4542: result: /usr/llvm-gcc-4.2/libexec/gcc/i686-apple-darwin11/4.2.1/ld
configure:4549: checking if the linker (/usr/llvm-gcc-4.2/libexec/gcc/i686-apple-darwin11/4.2.1/ld) is GNU ld
configure:4562: result: no
configure:4569: checking for shared library run path origin
configure:4582: result: done
configure:5159: checking for iconv
configure:5181: gcc -o conftest -g -O2   conftest.c  >&5
Undefined symbols for architecture x86_64:
  "_iconv_open", referenced from:
      _main in ccAHpCbA.o
  "_iconv", referenced from:
      _main in ccAHpCbA.o
  "_iconv_close", referenced from:
      _main in ccAHpCbA.o
ld: symbol(s) not found for architecture x86_64
collect2: ld returned 1 exit status
configure:5181: $? = 1
configure: failed program was:
| /* confdefs.h */
| #define PACKAGE_NAME "minicom"
| #define PACKAGE_TARNAME "minicom"
| #define PACKAGE_VERSION "2.6.1"
| #define PACKAGE_STRING "minicom 2.6.1"
| #define PACKAGE_BUGREPORT "minicom-devel@lists.alioth.debian.org"
| #define PACKAGE_URL ""
| #define PACKAGE "minicom"
| #define VERSION "2.6.1"
| #define STDC_HEADERS 1
| #define HAVE_SYS_TYPES_H 1
| #define HAVE_SYS_STAT_H 1
| #define HAVE_STDLIB_H 1
| #define HAVE_STRING_H 1
| #define HAVE_MEMORY_H 1
| #define HAVE_STRINGS_H 1
| #define HAVE_INTTYPES_H 1
| #define HAVE_STDINT_H 1
| #define HAVE_UNISTD_H 1
| #define __EXTENSIONS__ 1
| #define _ALL_SOURCE 1
| #define _GNU_SOURCE 1
| #define _POSIX_PTHREAD_SEMANTICS 1
| #define _TANDEM_SOURCE 1
| /* end confdefs.h.  */
| #include <stdlib.h>
| #include <iconv.h>
| int
| main ()
| {
| iconv_t cd = iconv_open("","");
|        iconv(cd,NULL,NULL,NULL,NULL);
|        iconv_close(cd);
|   ;
|   return 0;
| }
configure:5203: gcc -o conftest -g -O2   conftest.c  -liconv >&5
configure:5203: $? = 0
configure:5213: result: yes
configure:5216: checking for working iconv
configure:5311: gcc -o conftest -g -O2   conftest.c  -liconv >&5
configure:5311: $? = 0
configure:5311: ./conftest
configure:5311: $? = 0
configure:5323: result: yes
configure:5338: checking how to link with libiconv
configure:5340: result: -liconv
configure:5431: checking for pkg-config
configure:5464: result: no
configure:5662: checking whether NLS is requested
configure:5671: result: yes
configure:5712: checking for msgfmt
configure:5747: result: no
configure:5753: checking for gmsgfmt
configure:5784: result: :
configure:5835: checking for xgettext
configure:5870: result: no
configure:5913: checking for msgmerge
configure:5947: result: no
configure:5985: checking for CFPreferencesCopyAppValue
configure:6003: gcc -o conftest -g -O2   conftest.c  -Wl,-framework -Wl,CoreFoundation >&5
configure:6003: $? = 0
configure:6012: result: yes
configure:6019: checking for CFLocaleCopyCurrent
configure:6037: gcc -o conftest -g -O2   conftest.c  -Wl,-framework -Wl,CoreFoundation >&5
configure:6037: $? = 0
configure:6046: result: yes
configure:6095: checking for GNU gettext in libc
configure:6115: gcc -o conftest -g -O2   conftest.c  >&5
conftest.c:30:21: error: libintl.h: No such file or directory
conftest.c: In function 'main':
conftest.c:38: warning: incompatible implicit declaration of built-in function 'gettext'
configure:6115: $? = 1
configure: failed program was:
| /* confdefs.h */
| #define PACKAGE_NAME "minicom"
| #define PACKAGE_TARNAME "minicom"
| #define PACKAGE_VERSION "2.6.1"
| #define PACKAGE_STRING "minicom 2.6.1"
| #define PACKAGE_BUGREPORT "minicom-devel@lists.alioth.debian.org"
| #define PACKAGE_URL ""
| #define PACKAGE "minicom"
| #define VERSION "2.6.1"
| #define STDC_HEADERS 1
| #define HAVE_SYS_TYPES_H 1
| #define HAVE_SYS_STAT_H 1
| #define HAVE_STDLIB_H 1
| #define HAVE_STRING_H 1
| #define HAVE_MEMORY_H 1
| #define HAVE_STRINGS_H 1
| #define HAVE_INTTYPES_H 1
| #define HAVE_STDINT_H 1
| #define HAVE_UNISTD_H 1
| #define __EXTENSIONS__ 1
| #define _ALL_SOURCE 1
| #define _GNU_SOURCE 1
| #define _POSIX_PTHREAD_SEMANTICS 1
| #define _TANDEM_SOURCE 1
| #define HAVE_ICONV 1
| #define USE_SOCKET 1
| #define HAVE_CFPREFERENCESCOPYAPPVALUE 1
| #define HAVE_CFLOCALECOPYCURRENT 1
| /* end confdefs.h.  */
| #include <libintl.h>
| 
| extern int _nl_msg_cat_cntr;
| extern int *_nl_domain_bindings;
| int
| main ()
| {
| bindtextdomain ("", "");
| return * gettext ("") + _nl_msg_cat_cntr + *_nl_domain_bindings
|   ;
|   return 0;
| }
configure:6124: result: no
configure:6158: checking for iconv
configure:6212: result: yes
configure:6215: checking for working iconv
configure:6322: result: yes
configure:6337: checking how to link with libiconv
configure:6339: result: -liconv
configure:6811: checking for GNU gettext in libintl
configure:6839: gcc -o conftest -g -O2    conftest.c  -lintl >&5
conftest.c:31:21: error: libintl.h: No such file or directory
conftest.c: In function 'main':
conftest.c:43: warning: incompatible implicit declaration of built-in function 'gettext'
configure:6839: $? = 1
configure: failed program was:
| /* confdefs.h */
| #define PACKAGE_NAME "minicom"
| #define PACKAGE_TARNAME "minicom"
| #define PACKAGE_VERSION "2.6.1"
| #define PACKAGE_STRING "minicom 2.6.1"
| #define PACKAGE_BUGREPORT "minicom-devel@lists.alioth.debian.org"
| #define PACKAGE_URL ""
| #define PACKAGE "minicom"
| #define VERSION "2.6.1"
| #define STDC_HEADERS 1
| #define HAVE_SYS_TYPES_H 1
| #define HAVE_SYS_STAT_H 1
| #define HAVE_STDLIB_H 1
| #define HAVE_STRING_H 1
| #define HAVE_MEMORY_H 1
| #define HAVE_STRINGS_H 1
| #define HAVE_INTTYPES_H 1
| #define HAVE_STDINT_H 1
| #define HAVE_UNISTD_H 1
| #define __EXTENSIONS__ 1
| #define _ALL_SOURCE 1
| #define _GNU_SOURCE 1
| #define _POSIX_PTHREAD_SEMANTICS 1
| #define _TANDEM_SOURCE 1
| #define HAVE_ICONV 1
| #define USE_SOCKET 1
| #define HAVE_CFPREFERENCESCOPYAPPVALUE 1
| #define HAVE_CFLOCALECOPYCURRENT 1
| #define HAVE_ICONV 1
| /* end confdefs.h.  */
| #include <libintl.h>
| 
| extern int _nl_msg_cat_cntr;
| extern
| #ifdef __cplusplus
| "C"
| #endif
| const char *_nl_expand_alias (const char *);
| int
| main ()
| {
| bindtextdomain ("", "");
| return * gettext ("") + _nl_msg_cat_cntr + *_nl_expand_alias ("")
|   ;
|   return 0;
| }
configure:6867: gcc -o conftest -g -O2    conftest.c  -lintl -liconv >&5
conftest.c:31:21: error: libintl.h: No such file or directory
conftest.c: In function 'main':
conftest.c:43: warning: incompatible implicit declaration of built-in function 'gettext'
configure:6867: $? = 1
configure: failed program was:
| /* confdefs.h */
| #define PACKAGE_NAME "minicom"
| #define PACKAGE_TARNAME "minicom"
| #define PACKAGE_VERSION "2.6.1"
| #define PACKAGE_STRING "minicom 2.6.1"
| #define PACKAGE_BUGREPORT "minicom-devel@lists.alioth.debian.org"
| #define PACKAGE_URL ""
| #define PACKAGE "minicom"
| #define VERSION "2.6.1"
| #define STDC_HEADERS 1
| #define HAVE_SYS_TYPES_H 1
| #define HAVE_SYS_STAT_H 1
| #define HAVE_STDLIB_H 1
| #define HAVE_STRING_H 1
| #define HAVE_MEMORY_H 1
| #define HAVE_STRINGS_H 1
| #define HAVE_INTTYPES_H 1
| #define HAVE_STDINT_H 1
| #define HAVE_UNISTD_H 1
| #define __EXTENSIONS__ 1
| #define _ALL_SOURCE 1
| #define _GNU_SOURCE 1
| #define _POSIX_PTHREAD_SEMANTICS 1
| #define _TANDEM_SOURCE 1
| #define HAVE_ICONV 1
| #define USE_SOCKET 1
| #define HAVE_CFPREFERENCESCOPYAPPVALUE 1
| #define HAVE_CFLOCALECOPYCURRENT 1
| #define HAVE_ICONV 1
| /* end confdefs.h.  */
| #include <libintl.h>
| 
| extern int _nl_msg_cat_cntr;
| extern
| #ifdef __cplusplus
| "C"
| #endif
| const char *_nl_expand_alias (const char *);
| int
| main ()
| {
| bindtextdomain ("", "");
| return * gettext ("") + _nl_msg_cat_cntr + *_nl_expand_alias ("")
|   ;
|   return 0;
| }
configure:6880: result: no
configure:6915: checking whether to use NLS
configure:6917: result: no
configure:6995: checking for kermit
configure:7027: result: no
configure:7060: checking for tputs in -ltinfo
configure:7085: gcc -o conftest -g -O2   conftest.c -ltinfo   >&5
ld: library not found for -ltinfo
collect2: ld returned 1 exit status
configure:7085: $? = 1
configure: failed program was:
| /* confdefs.h */
| #define PACKAGE_NAME "minicom"
| #define PACKAGE_TARNAME "minicom"
| #define PACKAGE_VERSION "2.6.1"
| #define PACKAGE_STRING "minicom 2.6.1"
| #define PACKAGE_BUGREPORT "minicom-devel@lists.alioth.debian.org"
| #define PACKAGE_URL ""
| #define PACKAGE "minicom"
| #define VERSION "2.6.1"
| #define STDC_HEADERS 1
| #define HAVE_SYS_TYPES_H 1
| #define HAVE_SYS_STAT_H 1
| #define HAVE_STDLIB_H 1
| #define HAVE_STRING_H 1
| #define HAVE_MEMORY_H 1
| #define HAVE_STRINGS_H 1
| #define HAVE_INTTYPES_H 1
| #define HAVE_STDINT_H 1
| #define HAVE_UNISTD_H 1
| #define __EXTENSIONS__ 1
| #define _ALL_SOURCE 1
| #define _GNU_SOURCE 1
| #define _POSIX_PTHREAD_SEMANTICS 1
| #define _TANDEM_SOURCE 1
| #define HAVE_ICONV 1
| #define USE_SOCKET 1
| #define HAVE_CFPREFERENCESCOPYAPPVALUE 1
| #define HAVE_CFLOCALECOPYCURRENT 1
| #define HAVE_ICONV 1
| #define KERMIT ""
| /* end confdefs.h.  */
| 
| /* Override any GCC internal prototype to avoid an error.
|    Use char because int might match the return type of a GCC
|    builtin and then its argument prototype would still apply.  */
| #ifdef __cplusplus
| extern "C"
| #endif
| char tputs ();
| int
| main ()
| {
| return tputs ();
|   ;
|   return 0;
| }
configure:7095: result: no
configure:7060: checking for tputs in -lncurses
configure:7085: gcc -o conftest -g -O2   conftest.c -lncurses   >&5
configure:7085: $? = 0
configure:7095: result: yes
configure:7108: checking ncurses/termcap.h usability
configure:7108: gcc -c -g -O2  conftest.c >&5
conftest.c:65:29: error: ncurses/termcap.h: No such file or directory
configure:7108: $? = 1
configure: failed program was:
| /* confdefs.h */
| #define PACKAGE_NAME "minicom"
| #define PACKAGE_TARNAME "minicom"
| #define PACKAGE_VERSION "2.6.1"
| #define PACKAGE_STRING "minicom 2.6.1"
| #define PACKAGE_BUGREPORT "minicom-devel@lists.alioth.debian.org"
| #define PACKAGE_URL ""
| #define PACKAGE "minicom"
| #define VERSION "2.6.1"
| #define STDC_HEADERS 1
| #define HAVE_SYS_TYPES_H 1
| #define HAVE_SYS_STAT_H 1
| #define HAVE_STDLIB_H 1
| #define HAVE_STRING_H 1
| #define HAVE_MEMORY_H 1
| #define HAVE_STRINGS_H 1
| #define HAVE_INTTYPES_H 1
| #define HAVE_STDINT_H 1
| #define HAVE_UNISTD_H 1
| #define __EXTENSIONS__ 1
| #define _ALL_SOURCE 1
| #define _GNU_SOURCE 1
| #define _POSIX_PTHREAD_SEMANTICS 1
| #define _TANDEM_SOURCE 1
| #define HAVE_ICONV 1
| #define USE_SOCKET 1
| #define HAVE_CFPREFERENCESCOPYAPPVALUE 1
| #define HAVE_CFLOCALECOPYCURRENT 1
| #define HAVE_ICONV 1
| #define KERMIT ""
| /* end confdefs.h.  */
| #include <stdio.h>
| #ifdef HAVE_SYS_TYPES_H
| # include <sys/types.h>
| #endif
| #ifdef HAVE_SYS_STAT_H
| # include <sys/stat.h>
| #endif
| #ifdef STDC_HEADERS
| # include <stdlib.h>
| # include <stddef.h>
| #else
| # ifdef HAVE_STDLIB_H
| #  include <stdlib.h>
| # endif
| #endif
| #ifdef HAVE_STRING_H
| # if !defined STDC_HEADERS && defined HAVE_MEMORY_H
| #  include <memory.h>
| # endif
| # include <string.h>
| #endif
| #ifdef HAVE_STRINGS_H
| # include <strings.h>
| #endif
| #ifdef HAVE_INTTYPES_H
| # include <inttypes.h>
| #endif
| #ifdef HAVE_STDINT_H
| # include <stdint.h>
| #endif
| #ifdef HAVE_UNISTD_H
| # include <unistd.h>
| #endif
| #include <ncurses/termcap.h>
configure:7108: result: no
configure:7108: checking ncurses/termcap.h presence
configure:7108: gcc -E  conftest.c
conftest.c:32:29: error: ncurses/termcap.h: No such file or directory
configure:7108: $? = 1
configure: failed program was:
| /* confdefs.h */
| #define PACKAGE_NAME "minicom"
| #define PACKAGE_TARNAME "minicom"
| #define PACKAGE_VERSION "2.6.1"
| #define PACKAGE_STRING "minicom 2.6.1"
| #define PACKAGE_BUGREPORT "minicom-devel@lists.alioth.debian.org"
| #define PACKAGE_URL ""
| #define PACKAGE "minicom"
| #define VERSION "2.6.1"
| #define STDC_HEADERS 1
| #define HAVE_SYS_TYPES_H 1
| #define HAVE_SYS_STAT_H 1
| #define HAVE_STDLIB_H 1
| #define HAVE_STRING_H 1
| #define HAVE_MEMORY_H 1
| #define HAVE_STRINGS_H 1
| #define HAVE_INTTYPES_H 1
| #define HAVE_STDINT_H 1
| #define HAVE_UNISTD_H 1
| #define __EXTENSIONS__ 1
| #define _ALL_SOURCE 1
| #define _GNU_SOURCE 1
| #define _POSIX_PTHREAD_SEMANTICS 1
| #define _TANDEM_SOURCE 1
| #define HAVE_ICONV 1
| #define USE_SOCKET 1
| #define HAVE_CFPREFERENCESCOPYAPPVALUE 1
| #define HAVE_CFLOCALECOPYCURRENT 1
| #define HAVE_ICONV 1
| #define KERMIT ""
| /* end confdefs.h.  */
| #include <ncurses/termcap.h>
configure:7108: result: no
configure:7108: checking for ncurses/termcap.h
configure:7108: result: no
configure:7122: checking termcap.h usability
configure:7122: gcc -c -g -O2  conftest.c >&5
configure:7122: $? = 0
configure:7122: result: yes
configure:7122: checking termcap.h presence
configure:7122: gcc -E  conftest.c
configure:7122: $? = 0
configure:7122: result: yes
configure:7122: checking for termcap.h
configure:7122: result: yes
configure:7134: checking for socket in -lsocket
configure:7159: gcc -o conftest -g -O2   conftest.c -lsocket    -lncurses >&5
ld: library not found for -lsocket
collect2: ld returned 1 exit status
configure:7159: $? = 1
configure: failed program was:
| /* confdefs.h */
| #define PACKAGE_NAME "minicom"
| #define PACKAGE_TARNAME "minicom"
| #define PACKAGE_VERSION "2.6.1"
| #define PACKAGE_STRING "minicom 2.6.1"
| #define PACKAGE_BUGREPORT "minicom-devel@lists.alioth.debian.org"
| #define PACKAGE_URL ""
| #define PACKAGE "minicom"
| #define VERSION "2.6.1"
| #define STDC_HEADERS 1
| #define HAVE_SYS_TYPES_H 1
| #define HAVE_SYS_STAT_H 1
| #define HAVE_STDLIB_H 1
| #define HAVE_STRING_H 1
| #define HAVE_MEMORY_H 1
| #define HAVE_STRINGS_H 1
| #define HAVE_INTTYPES_H 1
| #define HAVE_STDINT_H 1
| #define HAVE_UNISTD_H 1
| #define __EXTENSIONS__ 1
| #define _ALL_SOURCE 1
| #define _GNU_SOURCE 1
| #define _POSIX_PTHREAD_SEMANTICS 1
| #define _TANDEM_SOURCE 1
| #define HAVE_ICONV 1
| #define USE_SOCKET 1
| #define HAVE_CFPREFERENCESCOPYAPPVALUE 1
| #define HAVE_CFLOCALECOPYCURRENT 1
| #define HAVE_ICONV 1
| #define KERMIT ""
| #define HAVE_TERMCAP_H 1
| /* end confdefs.h.  */
| 
| /* Override any GCC internal prototype to avoid an error.
|    Use char because int might match the return type of a GCC
|    builtin and then its argument prototype would still apply.  */
| #ifdef __cplusplus
| extern "C"
| #endif
| char socket ();
| int
| main ()
| {
| return socket ();
|   ;
|   return 0;
| }
configure:7168: result: no
configure:7183: checking for dirent.h that defines DIR
configure:7202: gcc -c -g -O2  conftest.c >&5
configure:7202: $? = 0
configure:7210: result: yes
configure:7223: checking for library containing opendir
configure:7254: gcc -o conftest -g -O2   conftest.c   -lncurses >&5
configure:7254: $? = 0
configure:7271: result: none required
configure:7338: checking for ANSI C header files
configure:7442: result: yes
configure:7450: checking for sys/wait.h that is POSIX.1 compatible
configure:7476: gcc -c -g -O2  conftest.c >&5
configure:7476: $? = 0
configure:7483: result: yes
configure:7491: checking whether stat file-mode macros are broken
configure:7518: gcc -c -g -O2  conftest.c >&5
configure:7518: $? = 0
configure:7525: result: no
configure:7533: checking whether time.h and sys/time.h may both be included
configure:7553: gcc -c -g -O2  conftest.c >&5
configure:7553: $? = 0
configure:7560: result: yes
configure:7569: checking POSIX termios
configure:7589: gcc -o conftest -g -O2   conftest.c   -lncurses >&5
configure:7589: $? = 0
configure:7597: result: yes
configure:7600: checking whether termios.h defines TIOCGWINSZ
configure:7623: result: yes
configure:7672: checking stdarg.h usability
configure:7672: gcc -c -g -O2  conftest.c >&5
configure:7672: $? = 0
configure:7672: result: yes
configure:7672: checking stdarg.h presence
configure:7672: gcc -E  conftest.c
configure:7672: $? = 0
configure:7672: result: yes
configure:7672: checking for stdarg.h
configure:7672: result: yes
configure:7672: checking varargs.h usability
configure:7672: gcc -c -g -O2  conftest.c >&5
In file included from conftest.c:72:
/usr/llvm-gcc-4.2/bin/../lib/gcc/i686-apple-darwin11/4.2.1/include/varargs.h:4:2: error: #error "GCC no longer implements <varargs.h>."
/usr/llvm-gcc-4.2/bin/../lib/gcc/i686-apple-darwin11/4.2.1/include/varargs.h:5:2: error: #error "Revise your code to use <stdarg.h>."
configure:7672: $? = 1
configure: failed program was:
| /* confdefs.h */
| #define PACKAGE_NAME "minicom"
| #define PACKAGE_TARNAME "minicom"
| #define PACKAGE_VERSION "2.6.1"
| #define PACKAGE_STRING "minicom 2.6.1"
| #define PACKAGE_BUGREPORT "minicom-devel@lists.alioth.debian.org"
| #define PACKAGE_URL ""
| #define PACKAGE "minicom"
| #define VERSION "2.6.1"
| #define STDC_HEADERS 1
| #define HAVE_SYS_TYPES_H 1
| #define HAVE_SYS_STAT_H 1
| #define HAVE_STDLIB_H 1
| #define HAVE_STRING_H 1
| #define HAVE_MEMORY_H 1
| #define HAVE_STRINGS_H 1
| #define HAVE_INTTYPES_H 1
| #define HAVE_STDINT_H 1
| #define HAVE_UNISTD_H 1
| #define __EXTENSIONS__ 1
| #define _ALL_SOURCE 1
| #define _GNU_SOURCE 1
| #define _POSIX_PTHREAD_SEMANTICS 1
| #define _TANDEM_SOURCE 1
| #define HAVE_ICONV 1
| #define USE_SOCKET 1
| #define HAVE_CFPREFERENCESCOPYAPPVALUE 1
| #define HAVE_CFLOCALECOPYCURRENT 1
| #define HAVE_ICONV 1
| #define KERMIT ""
| #define HAVE_TERMCAP_H 1
| #define HAVE_DIRENT_H 1
| #define STDC_HEADERS 1
| #define HAVE_SYS_WAIT_H 1
| #define TIME_WITH_SYS_TIME 1
| #define POSIX_TERMIOS 1
| #define HAVE_STDARG_H 1
| /* end confdefs.h.  */
| #include <stdio.h>
| #ifdef HAVE_SYS_TYPES_H
| # include <sys/types.h>
| #endif
| #ifdef HAVE_SYS_STAT_H
| # include <sys/stat.h>
| #endif
| #ifdef STDC_HEADERS
| # include <stdlib.h>
| # include <stddef.h>
| #else
| # ifdef HAVE_STDLIB_H
| #  include <stdlib.h>
| # endif
| #endif
| #ifdef HAVE_STRING_H
| # if !defined STDC_HEADERS && defined HAVE_MEMORY_H
| #  include <memory.h>
| # endif
| # include <string.h>
| #endif
| #ifdef HAVE_STRINGS_H
| # include <strings.h>
| #endif
| #ifdef HAVE_INTTYPES_H
| # include <inttypes.h>
| #endif
| #ifdef HAVE_STDINT_H
| # include <stdint.h>
| #endif
| #ifdef HAVE_UNISTD_H
| # include <unistd.h>
| #endif
| #include <varargs.h>
configure:7672: result: no
configure:7672: checking varargs.h presence
configure:7672: gcc -E  conftest.c
In file included from conftest.c:39:
/usr/llvm-gcc-4.2/bin/../lib/gcc/i686-apple-darwin11/4.2.1/include/varargs.h:4:2: error: #error "GCC no longer implements <varargs.h>."
/usr/llvm-gcc-4.2/bin/../lib/gcc/i686-apple-darwin11/4.2.1/include/varargs.h:5:2: error: #error "Revise your code to use <stdarg.h>."
configure:7672: $? = 1
configure: failed program was:
| /* confdefs.h */
| #define PACKAGE_NAME "minicom"
| #define PACKAGE_TARNAME "minicom"
| #define PACKAGE_VERSION "2.6.1"
| #define PACKAGE_STRING "minicom 2.6.1"
| #define PACKAGE_BUGREPORT "minicom-devel@lists.alioth.debian.org"
| #define PACKAGE_URL ""
| #define PACKAGE "minicom"
| #define VERSION "2.6.1"
| #define STDC_HEADERS 1
| #define HAVE_SYS_TYPES_H 1
| #define HAVE_SYS_STAT_H 1
| #define HAVE_STDLIB_H 1
| #define HAVE_STRING_H 1
| #define HAVE_MEMORY_H 1
| #define HAVE_STRINGS_H 1
| #define HAVE_INTTYPES_H 1
| #define HAVE_STDINT_H 1
| #define HAVE_UNISTD_H 1
| #define __EXTENSIONS__ 1
| #define _ALL_SOURCE 1
| #define _GNU_SOURCE 1
| #define _POSIX_PTHREAD_SEMANTICS 1
| #define _TANDEM_SOURCE 1
| #define HAVE_ICONV 1
| #define USE_SOCKET 1
| #define HAVE_CFPREFERENCESCOPYAPPVALUE 1
| #define HAVE_CFLOCALECOPYCURRENT 1
| #define HAVE_ICONV 1
| #define KERMIT ""
| #define HAVE_TERMCAP_H 1
| #define HAVE_DIRENT_H 1
| #define STDC_HEADERS 1
| #define HAVE_SYS_WAIT_H 1
| #define TIME_WITH_SYS_TIME 1
| #define POSIX_TERMIOS 1
| #define HAVE_STDARG_H 1
| /* end confdefs.h.  */
| #include <varargs.h>
configure:7672: result: no
configure:7672: checking for varargs.h
configure:7672: result: no
configure:7672: checking termio.h usability
configure:7672: gcc -c -g -O2  conftest.c >&5
conftest.c:72:20: error: termio.h: No such file or directory
configure:7672: $? = 1
configure: failed program was:
| /* confdefs.h */
| #define PACKAGE_NAME "minicom"
| #define PACKAGE_TARNAME "minicom"
| #define PACKAGE_VERSION "2.6.1"
| #define PACKAGE_STRING "minicom 2.6.1"
| #define PACKAGE_BUGREPORT "minicom-devel@lists.alioth.debian.org"
| #define PACKAGE_URL ""
| #define PACKAGE "minicom"
| #define VERSION "2.6.1"
| #define STDC_HEADERS 1
| #define HAVE_SYS_TYPES_H 1
| #define HAVE_SYS_STAT_H 1
| #define HAVE_STDLIB_H 1
| #define HAVE_STRING_H 1
| #define HAVE_MEMORY_H 1
| #define HAVE_STRINGS_H 1
| #define HAVE_INTTYPES_H 1
| #define HAVE_STDINT_H 1
| #define HAVE_UNISTD_H 1
| #define __EXTENSIONS__ 1
| #define _ALL_SOURCE 1
| #define _GNU_SOURCE 1
| #define _POSIX_PTHREAD_SEMANTICS 1
| #define _TANDEM_SOURCE 1
| #define HAVE_ICONV 1
| #define USE_SOCKET 1
| #define HAVE_CFPREFERENCESCOPYAPPVALUE 1
| #define HAVE_CFLOCALECOPYCURRENT 1
| #define HAVE_ICONV 1
| #define KERMIT ""
| #define HAVE_TERMCAP_H 1
| #define HAVE_DIRENT_H 1
| #define STDC_HEADERS 1
| #define HAVE_SYS_WAIT_H 1
| #define TIME_WITH_SYS_TIME 1
| #define POSIX_TERMIOS 1
| #define HAVE_STDARG_H 1
| /* end confdefs.h.  */
| #include <stdio.h>
| #ifdef HAVE_SYS_TYPES_H
| # include <sys/types.h>
| #endif
| #ifdef HAVE_SYS_STAT_H
| # include <sys/stat.h>
| #endif
| #ifdef STDC_HEADERS
| # include <stdlib.h>
| # include <stddef.h>
| #else
| # ifdef HAVE_STDLIB_H
| #  include <stdlib.h>
| # endif
| #endif
| #ifdef HAVE_STRING_H
| # if !defined STDC_HEADERS && defined HAVE_MEMORY_H
| #  include <memory.h>
| # endif
| # include <string.h>
| #endif
| #ifdef HAVE_STRINGS_H
| # include <strings.h>
| #endif
| #ifdef HAVE_INTTYPES_H
| # include <inttypes.h>
| #endif
| #ifdef HAVE_STDINT_H
| # include <stdint.h>
| #endif
| #ifdef HAVE_UNISTD_H
| # include <unistd.h>
| #endif
| #include <termio.h>
configure:7672: result: no
configure:7672: checking termio.h presence
configure:7672: gcc -E  conftest.c
conftest.c:39:20: error: termio.h: No such file or directory
configure:7672: $? = 1
configure: failed program was:
| /* confdefs.h */
| #define PACKAGE_NAME "minicom"
| #define PACKAGE_TARNAME "minicom"
| #define PACKAGE_VERSION "2.6.1"
| #define PACKAGE_STRING "minicom 2.6.1"
| #define PACKAGE_BUGREPORT "minicom-devel@lists.alioth.debian.org"
| #define PACKAGE_URL ""
| #define PACKAGE "minicom"
| #define VERSION "2.6.1"
| #define STDC_HEADERS 1
| #define HAVE_SYS_TYPES_H 1
| #define HAVE_SYS_STAT_H 1
| #define HAVE_STDLIB_H 1
| #define HAVE_STRING_H 1
| #define HAVE_MEMORY_H 1
| #define HAVE_STRINGS_H 1
| #define HAVE_INTTYPES_H 1
| #define HAVE_STDINT_H 1
| #define HAVE_UNISTD_H 1
| #define __EXTENSIONS__ 1
| #define _ALL_SOURCE 1
| #define _GNU_SOURCE 1
| #define _POSIX_PTHREAD_SEMANTICS 1
| #define _TANDEM_SOURCE 1
| #define HAVE_ICONV 1
| #define USE_SOCKET 1
| #define HAVE_CFPREFERENCESCOPYAPPVALUE 1
| #define HAVE_CFLOCALECOPYCURRENT 1
| #define HAVE_ICONV 1
| #define KERMIT ""
| #define HAVE_TERMCAP_H 1
| #define HAVE_DIRENT_H 1
| #define STDC_HEADERS 1
| #define HAVE_SYS_WAIT_H 1
| #define TIME_WITH_SYS_TIME 1
| #define POSIX_TERMIOS 1
| #define HAVE_STDARG_H 1
| /* end confdefs.h.  */
| #include <termio.h>
configure:7672: result: no
configure:7672: checking for termio.h
configure:7672: result: no
configure:7672: checking termios.h usability
configure:7672: gcc -c -g -O2  conftest.c >&5
configure:7672: $? = 0
configure:7672: result: yes
configure:7672: checking termios.h presence
configure:7672: gcc -E  conftest.c
configure:7672: $? = 0
configure:7672: result: yes
configure:7672: checking for termios.h
configure:7672: result: yes
configure:7672: checking setjmp.h usability
configure:7672: gcc -c -g -O2  conftest.c >&5
configure:7672: $? = 0
configure:7672: result: yes
configure:7672: checking setjmp.h presence
configure:7672: gcc -E  conftest.c
configure:7672: $? = 0
configure:7672: result: yes
configure:7672: checking for setjmp.h
configure:7672: result: yes
configure:7672: checking errno.h usability
configure:7672: gcc -c -g -O2  conftest.c >&5
configure:7672: $? = 0
configure:7672: result: yes
configure:7672: checking errno.h presence
configure:7672: gcc -E  conftest.c
configure:7672: $? = 0
configure:7672: result: yes
configure:7672: checking for errno.h
configure:7672: result: yes
configure:7672: checking pwd.h usability
configure:7672: gcc -c -g -O2  conftest.c >&5
configure:7672: $? = 0
configure:7672: result: yes
configure:7672: checking pwd.h presence
configure:7672: gcc -E  conftest.c
configure:7672: $? = 0
configure:7672: result: yes
configure:7672: checking for pwd.h
configure:7672: result: yes
configure:7672: checking signal.h usability
configure:7672: gcc -c -g -O2  conftest.c >&5
configure:7672: $? = 0
configure:7672: result: yes
configure:7672: checking signal.h presence
configure:7672: gcc -E  conftest.c
configure:7672: $? = 0
configure:7672: result: yes
configure:7672: checking for signal.h
configure:7672: result: yes
configure:7672: checking fcntl.h usability
configure:7672: gcc -c -g -O2  conftest.c >&5
configure:7672: $? = 0
configure:7672: result: yes
configure:7672: checking fcntl.h presence
configure:7672: gcc -E  conftest.c
configure:7672: $? = 0
configure:7672: result: yes
configure:7672: checking for fcntl.h
configure:7672: result: yes
configure:7672: checking sgtty.h usability
configure:7672: gcc -c -g -O2  conftest.c >&5
configure:7672: $? = 0
configure:7672: result: yes
configure:7672: checking sgtty.h presence
configure:7672: gcc -E  conftest.c
configure:7672: $? = 0
configure:7672: result: yes
configure:7672: checking for sgtty.h
configure:7672: result: yes
configure:7672: checking locale.h usability
configure:7672: gcc -c -g -O2  conftest.c >&5
configure:7672: $? = 0
configure:7672: result: yes
configure:7672: checking locale.h presence
configure:7672: gcc -E  conftest.c
configure:7672: $? = 0
configure:7672: result: yes
configure:7672: checking for locale.h
configure:7672: result: yes
configure:7672: checking for sys/stat.h
configure:7672: result: yes
configure:7672: checking sys/file.h usability
configure:7672: gcc -c -g -O2  conftest.c >&5
configure:7672: $? = 0
configure:7672: result: yes
configure:7672: checking sys/file.h presence
configure:7672: gcc -E  conftest.c
configure:7672: $? = 0
configure:7672: result: yes
configure:7672: checking for sys/file.h
configure:7672: result: yes
configure:7672: checking sys/ioctl.h usability
configure:7672: gcc -c -g -O2  conftest.c >&5
configure:7672: $? = 0
configure:7672: result: yes
configure:7672: checking sys/ioctl.h presence
configure:7672: gcc -E  conftest.c
configure:7672: $? = 0
configure:7672: result: yes
configure:7672: checking for sys/ioctl.h
configure:7672: result: yes
configure:7672: checking sys/time.h usability
configure:7672: gcc -c -g -O2  conftest.c >&5
configure:7672: $? = 0
configure:7672: result: yes
configure:7672: checking sys/time.h presence
configure:7672: gcc -E  conftest.c
configure:7672: $? = 0
configure:7672: result: yes
configure:7672: checking for sys/time.h
configure:7672: result: yes
configure:7672: checking sys/ttold.h usability
configure:7672: gcc -c -g -O2  conftest.c >&5
conftest.c:84:23: error: sys/ttold.h: No such file or directory
configure:7672: $? = 1
configure: failed program was:
| /* confdefs.h */
| #define PACKAGE_NAME "minicom"
| #define PACKAGE_TARNAME "minicom"
| #define PACKAGE_VERSION "2.6.1"
| #define PACKAGE_STRING "minicom 2.6.1"
| #define PACKAGE_BUGREPORT "minicom-devel@lists.alioth.debian.org"
| #define PACKAGE_URL ""
| #define PACKAGE "minicom"
| #define VERSION "2.6.1"
| #define STDC_HEADERS 1
| #define HAVE_SYS_TYPES_H 1
| #define HAVE_SYS_STAT_H 1
| #define HAVE_STDLIB_H 1
| #define HAVE_STRING_H 1
| #define HAVE_MEMORY_H 1
| #define HAVE_STRINGS_H 1
| #define HAVE_INTTYPES_H 1
| #define HAVE_STDINT_H 1
| #define HAVE_UNISTD_H 1
| #define __EXTENSIONS__ 1
| #define _ALL_SOURCE 1
| #define _GNU_SOURCE 1
| #define _POSIX_PTHREAD_SEMANTICS 1
| #define _TANDEM_SOURCE 1
| #define HAVE_ICONV 1
| #define USE_SOCKET 1
| #define HAVE_CFPREFERENCESCOPYAPPVALUE 1
| #define HAVE_CFLOCALECOPYCURRENT 1
| #define HAVE_ICONV 1
| #define KERMIT ""
| #define HAVE_TERMCAP_H 1
| #define HAVE_DIRENT_H 1
| #define STDC_HEADERS 1
| #define HAVE_SYS_WAIT_H 1
| #define TIME_WITH_SYS_TIME 1
| #define POSIX_TERMIOS 1
| #define HAVE_STDARG_H 1
| #define HAVE_TERMIOS_H 1
| #define HAVE_SETJMP_H 1
| #define HAVE_ERRNO_H 1
| #define HAVE_PWD_H 1
| #define HAVE_SIGNAL_H 1
| #define HAVE_FCNTL_H 1
| #define HAVE_SGTTY_H 1
| #define HAVE_LOCALE_H 1
| #define HAVE_SYS_STAT_H 1
| #define HAVE_SYS_FILE_H 1
| #define HAVE_SYS_IOCTL_H 1
| #define HAVE_SYS_TIME_H 1
| /* end confdefs.h.  */
| #include <stdio.h>
| #ifdef HAVE_SYS_TYPES_H
| # include <sys/types.h>
| #endif
| #ifdef HAVE_SYS_STAT_H
| # include <sys/stat.h>
| #endif
| #ifdef STDC_HEADERS
| # include <stdlib.h>
| # include <stddef.h>
| #else
| # ifdef HAVE_STDLIB_H
| #  include <stdlib.h>
| # endif
| #endif
| #ifdef HAVE_STRING_H
| # if !defined STDC_HEADERS && defined HAVE_MEMORY_H
| #  include <memory.h>
| # endif
| # include <string.h>
| #endif
| #ifdef HAVE_STRINGS_H
| # include <strings.h>
| #endif
| #ifdef HAVE_INTTYPES_H
| # include <inttypes.h>
| #endif
| #ifdef HAVE_STDINT_H
| # include <stdint.h>
| #endif
| #ifdef HAVE_UNISTD_H
| # include <unistd.h>
| #endif
| #include <sys/ttold.h>
configure:7672: result: no
configure:7672: checking sys/ttold.h presence
configure:7672: gcc -E  conftest.c
conftest.c:51:23: error: sys/ttold.h: No such file or directory
configure:7672: $? = 1
configure: failed program was:
| /* confdefs.h */
| #define PACKAGE_NAME "minicom"
| #define PACKAGE_TARNAME "minicom"
| #define PACKAGE_VERSION "2.6.1"
| #define PACKAGE_STRING "minicom 2.6.1"
| #define PACKAGE_BUGREPORT "minicom-devel@lists.alioth.debian.org"
| #define PACKAGE_URL ""
| #define PACKAGE "minicom"
| #define VERSION "2.6.1"
| #define STDC_HEADERS 1
| #define HAVE_SYS_TYPES_H 1
| #define HAVE_SYS_STAT_H 1
| #define HAVE_STDLIB_H 1
| #define HAVE_STRING_H 1
| #define HAVE_MEMORY_H 1
| #define HAVE_STRINGS_H 1
| #define HAVE_INTTYPES_H 1
| #define HAVE_STDINT_H 1
| #define HAVE_UNISTD_H 1
| #define __EXTENSIONS__ 1
| #define _ALL_SOURCE 1
| #define _GNU_SOURCE 1
| #define _POSIX_PTHREAD_SEMANTICS 1
| #define _TANDEM_SOURCE 1
| #define HAVE_ICONV 1
| #define USE_SOCKET 1
| #define HAVE_CFPREFERENCESCOPYAPPVALUE 1
| #define HAVE_CFLOCALECOPYCURRENT 1
| #define HAVE_ICONV 1
| #define KERMIT ""
| #define HAVE_TERMCAP_H 1
| #define HAVE_DIRENT_H 1
| #define STDC_HEADERS 1
| #define HAVE_SYS_WAIT_H 1
| #define TIME_WITH_SYS_TIME 1
| #define POSIX_TERMIOS 1
| #define HAVE_STDARG_H 1
| #define HAVE_TERMIOS_H 1
| #define HAVE_SETJMP_H 1
| #define HAVE_ERRNO_H 1
| #define HAVE_PWD_H 1
| #define HAVE_SIGNAL_H 1
| #define HAVE_FCNTL_H 1
| #define HAVE_SGTTY_H 1
| #define HAVE_LOCALE_H 1
| #define HAVE_SYS_STAT_H 1
| #define HAVE_SYS_FILE_H 1
| #define HAVE_SYS_IOCTL_H 1
| #define HAVE_SYS_TIME_H 1
| /* end confdefs.h.  */
| #include <sys/ttold.h>
configure:7672: result: no
configure:7672: checking for sys/ttold.h
configure:7672: result: no
configure:7672: checking sys/param.h usability
configure:7672: gcc -c -g -O2  conftest.c >&5
configure:7672: $? = 0
configure:7672: result: yes
configure:7672: checking sys/param.h presence
configure:7672: gcc -E  conftest.c
configure:7672: $? = 0
configure:7672: result: yes
configure:7672: checking for sys/param.h
configure:7672: result: yes
configure:7672: checking for unistd.h
configure:7672: result: yes
configure:7672: checking posix1_lim.h usability
configure:7672: gcc -c -g -O2  conftest.c >&5
conftest.c:86:24: error: posix1_lim.h: No such file or directory
configure:7672: $? = 1
configure: failed program was:
| /* confdefs.h */
| #define PACKAGE_NAME "minicom"
| #define PACKAGE_TARNAME "minicom"
| #define PACKAGE_VERSION "2.6.1"
| #define PACKAGE_STRING "minicom 2.6.1"
| #define PACKAGE_BUGREPORT "minicom-devel@lists.alioth.debian.org"
| #define PACKAGE_URL ""
| #define PACKAGE "minicom"
| #define VERSION "2.6.1"
| #define STDC_HEADERS 1
| #define HAVE_SYS_TYPES_H 1
| #define HAVE_SYS_STAT_H 1
| #define HAVE_STDLIB_H 1
| #define HAVE_STRING_H 1
| #define HAVE_MEMORY_H 1
| #define HAVE_STRINGS_H 1
| #define HAVE_INTTYPES_H 1
| #define HAVE_STDINT_H 1
| #define HAVE_UNISTD_H 1
| #define __EXTENSIONS__ 1
| #define _ALL_SOURCE 1
| #define _GNU_SOURCE 1
| #define _POSIX_PTHREAD_SEMANTICS 1
| #define _TANDEM_SOURCE 1
| #define HAVE_ICONV 1
| #define USE_SOCKET 1
| #define HAVE_CFPREFERENCESCOPYAPPVALUE 1
| #define HAVE_CFLOCALECOPYCURRENT 1
| #define HAVE_ICONV 1
| #define KERMIT ""
| #define HAVE_TERMCAP_H 1
| #define HAVE_DIRENT_H 1
| #define STDC_HEADERS 1
| #define HAVE_SYS_WAIT_H 1
| #define TIME_WITH_SYS_TIME 1
| #define POSIX_TERMIOS 1
| #define HAVE_STDARG_H 1
| #define HAVE_TERMIOS_H 1
| #define HAVE_SETJMP_H 1
| #define HAVE_ERRNO_H 1
| #define HAVE_PWD_H 1
| #define HAVE_SIGNAL_H 1
| #define HAVE_FCNTL_H 1
| #define HAVE_SGTTY_H 1
| #define HAVE_LOCALE_H 1
| #define HAVE_SYS_STAT_H 1
| #define HAVE_SYS_FILE_H 1
| #define HAVE_SYS_IOCTL_H 1
| #define HAVE_SYS_TIME_H 1
| #define HAVE_SYS_PARAM_H 1
| #define HAVE_UNISTD_H 1
| /* end confdefs.h.  */
| #include <stdio.h>
| #ifdef HAVE_SYS_TYPES_H
| # include <sys/types.h>
| #endif
| #ifdef HAVE_SYS_STAT_H
| # include <sys/stat.h>
| #endif
| #ifdef STDC_HEADERS
| # include <stdlib.h>
| # include <stddef.h>
| #else
| # ifdef HAVE_STDLIB_H
| #  include <stdlib.h>
| # endif
| #endif
| #ifdef HAVE_STRING_H
| # if !defined STDC_HEADERS && defined HAVE_MEMORY_H
| #  include <memory.h>
| # endif
| # include <string.h>
| #endif
| #ifdef HAVE_STRINGS_H
| # include <strings.h>
| #endif
| #ifdef HAVE_INTTYPES_H
| # include <inttypes.h>
| #endif
| #ifdef HAVE_STDINT_H
| # include <stdint.h>
| #endif
| #ifdef HAVE_UNISTD_H
| # include <unistd.h>
| #endif
| #include <posix1_lim.h>
configure:7672: result: no
configure:7672: checking posix1_lim.h presence
configure:7672: gcc -E  conftest.c
conftest.c:53:24: error: posix1_lim.h: No such file or directory
configure:7672: $? = 1
configure: failed program was:
| /* confdefs.h */
| #define PACKAGE_NAME "minicom"
| #define PACKAGE_TARNAME "minicom"
| #define PACKAGE_VERSION "2.6.1"
| #define PACKAGE_STRING "minicom 2.6.1"
| #define PACKAGE_BUGREPORT "minicom-devel@lists.alioth.debian.org"
| #define PACKAGE_URL ""
| #define PACKAGE "minicom"
| #define VERSION "2.6.1"
| #define STDC_HEADERS 1
| #define HAVE_SYS_TYPES_H 1
| #define HAVE_SYS_STAT_H 1
| #define HAVE_STDLIB_H 1
| #define HAVE_STRING_H 1
| #define HAVE_MEMORY_H 1
| #define HAVE_STRINGS_H 1
| #define HAVE_INTTYPES_H 1
| #define HAVE_STDINT_H 1
| #define HAVE_UNISTD_H 1
| #define __EXTENSIONS__ 1
| #define _ALL_SOURCE 1
| #define _GNU_SOURCE 1
| #define _POSIX_PTHREAD_SEMANTICS 1
| #define _TANDEM_SOURCE 1
| #define HAVE_ICONV 1
| #define USE_SOCKET 1
| #define HAVE_CFPREFERENCESCOPYAPPVALUE 1
| #define HAVE_CFLOCALECOPYCURRENT 1
| #define HAVE_ICONV 1
| #define KERMIT ""
| #define HAVE_TERMCAP_H 1
| #define HAVE_DIRENT_H 1
| #define STDC_HEADERS 1
| #define HAVE_SYS_WAIT_H 1
| #define TIME_WITH_SYS_TIME 1
| #define POSIX_TERMIOS 1
| #define HAVE_STDARG_H 1
| #define HAVE_TERMIOS_H 1
| #define HAVE_SETJMP_H 1
| #define HAVE_ERRNO_H 1
| #define HAVE_PWD_H 1
| #define HAVE_SIGNAL_H 1
| #define HAVE_FCNTL_H 1
| #define HAVE_SGTTY_H 1
| #define HAVE_LOCALE_H 1
| #define HAVE_SYS_STAT_H 1
| #define HAVE_SYS_FILE_H 1
| #define HAVE_SYS_IOCTL_H 1
| #define HAVE_SYS_TIME_H 1
| #define HAVE_SYS_PARAM_H 1
| #define HAVE_UNISTD_H 1
| /* end confdefs.h.  */
| #include <posix1_lim.h>
configure:7672: result: no
configure:7672: checking for posix1_lim.h
configure:7672: result: no
configure:7672: checking for sgtty.h
configure:7672: result: yes
configure:7672: checking features.h usability
configure:7672: gcc -c -g -O2  conftest.c >&5
conftest.c:87:22: error: features.h: No such file or directory
configure:7672: $? = 1
configure: failed program was:
| /* confdefs.h */
| #define PACKAGE_NAME "minicom"
| #define PACKAGE_TARNAME "minicom"
| #define PACKAGE_VERSION "2.6.1"
| #define PACKAGE_STRING "minicom 2.6.1"
| #define PACKAGE_BUGREPORT "minicom-devel@lists.alioth.debian.org"
| #define PACKAGE_URL ""
| #define PACKAGE "minicom"
| #define VERSION "2.6.1"
| #define STDC_HEADERS 1
| #define HAVE_SYS_TYPES_H 1
| #define HAVE_SYS_STAT_H 1
| #define HAVE_STDLIB_H 1
| #define HAVE_STRING_H 1
| #define HAVE_MEMORY_H 1
| #define HAVE_STRINGS_H 1
| #define HAVE_INTTYPES_H 1
| #define HAVE_STDINT_H 1
| #define HAVE_UNISTD_H 1
| #define __EXTENSIONS__ 1
| #define _ALL_SOURCE 1
| #define _GNU_SOURCE 1
| #define _POSIX_PTHREAD_SEMANTICS 1
| #define _TANDEM_SOURCE 1
| #define HAVE_ICONV 1
| #define USE_SOCKET 1
| #define HAVE_CFPREFERENCESCOPYAPPVALUE 1
| #define HAVE_CFLOCALECOPYCURRENT 1
| #define HAVE_ICONV 1
| #define KERMIT ""
| #define HAVE_TERMCAP_H 1
| #define HAVE_DIRENT_H 1
| #define STDC_HEADERS 1
| #define HAVE_SYS_WAIT_H 1
| #define TIME_WITH_SYS_TIME 1
| #define POSIX_TERMIOS 1
| #define HAVE_STDARG_H 1
| #define HAVE_TERMIOS_H 1
| #define HAVE_SETJMP_H 1
| #define HAVE_ERRNO_H 1
| #define HAVE_PWD_H 1
| #define HAVE_SIGNAL_H 1
| #define HAVE_FCNTL_H 1
| #define HAVE_SGTTY_H 1
| #define HAVE_LOCALE_H 1
| #define HAVE_SYS_STAT_H 1
| #define HAVE_SYS_FILE_H 1
| #define HAVE_SYS_IOCTL_H 1
| #define HAVE_SYS_TIME_H 1
| #define HAVE_SYS_PARAM_H 1
| #define HAVE_UNISTD_H 1
| #define HAVE_SGTTY_H 1
| /* end confdefs.h.  */
| #include <stdio.h>
| #ifdef HAVE_SYS_TYPES_H
| # include <sys/types.h>
| #endif
| #ifdef HAVE_SYS_STAT_H
| # include <sys/stat.h>
| #endif
| #ifdef STDC_HEADERS
| # include <stdlib.h>
| # include <stddef.h>
| #else
| # ifdef HAVE_STDLIB_H
| #  include <stdlib.h>
| # endif
| #endif
| #ifdef HAVE_STRING_H
| # if !defined STDC_HEADERS && defined HAVE_MEMORY_H
| #  include <memory.h>
| # endif
| # include <string.h>
| #endif
| #ifdef HAVE_STRINGS_H
| # include <strings.h>
| #endif
| #ifdef HAVE_INTTYPES_H
| # include <inttypes.h>
| #endif
| #ifdef HAVE_STDINT_H
| # include <stdint.h>
| #endif
| #ifdef HAVE_UNISTD_H
| # include <unistd.h>
| #endif
| #include <features.h>
configure:7672: result: no
configure:7672: checking features.h presence
configure:7672: gcc -E  conftest.c
conftest.c:54:22: error: features.h: No such file or directory
configure:7672: $? = 1
configure: failed program was:
| /* confdefs.h */
| #define PACKAGE_NAME "minicom"
| #define PACKAGE_TARNAME "minicom"
| #define PACKAGE_VERSION "2.6.1"
| #define PACKAGE_STRING "minicom 2.6.1"
| #define PACKAGE_BUGREPORT "minicom-devel@lists.alioth.debian.org"
| #define PACKAGE_URL ""
| #define PACKAGE "minicom"
| #define VERSION "2.6.1"
| #define STDC_HEADERS 1
| #define HAVE_SYS_TYPES_H 1
| #define HAVE_SYS_STAT_H 1
| #define HAVE_STDLIB_H 1
| #define HAVE_STRING_H 1
| #define HAVE_MEMORY_H 1
| #define HAVE_STRINGS_H 1
| #define HAVE_INTTYPES_H 1
| #define HAVE_STDINT_H 1
| #define HAVE_UNISTD_H 1
| #define __EXTENSIONS__ 1
| #define _ALL_SOURCE 1
| #define _GNU_SOURCE 1
| #define _POSIX_PTHREAD_SEMANTICS 1
| #define _TANDEM_SOURCE 1
| #define HAVE_ICONV 1
| #define USE_SOCKET 1
| #define HAVE_CFPREFERENCESCOPYAPPVALUE 1
| #define HAVE_CFLOCALECOPYCURRENT 1
| #define HAVE_ICONV 1
| #define KERMIT ""
| #define HAVE_TERMCAP_H 1
| #define HAVE_DIRENT_H 1
| #define STDC_HEADERS 1
| #define HAVE_SYS_WAIT_H 1
| #define TIME_WITH_SYS_TIME 1
| #define POSIX_TERMIOS 1
| #define HAVE_STDARG_H 1
| #define HAVE_TERMIOS_H 1
| #define HAVE_SETJMP_H 1
| #define HAVE_ERRNO_H 1
| #define HAVE_PWD_H 1
| #define HAVE_SIGNAL_H 1
| #define HAVE_FCNTL_H 1
| #define HAVE_SGTTY_H 1
| #define HAVE_LOCALE_H 1
| #define HAVE_SYS_STAT_H 1
| #define HAVE_SYS_FILE_H 1
| #define HAVE_SYS_IOCTL_H 1
| #define HAVE_SYS_TIME_H 1
| #define HAVE_SYS_PARAM_H 1
| #define HAVE_UNISTD_H 1
| #define HAVE_SGTTY_H 1
| /* end confdefs.h.  */
| #include <features.h>
configure:7672: result: no
configure:7672: checking for features.h
configure:7672: result: no
configure:7683: checking for an ANSI C-conforming const
configure:7748: gcc -c -g -O2  conftest.c >&5
configure:7748: $? = 0
configure:7755: result: yes
configure:7763: checking for function prototypes
configure:7766: result: yes
configure:7789: checking for string.h
configure:7789: result: yes
configure:7800: checking for uid_t in sys/types.h
configure:7819: result: yes
configure:7830: checking for mode_t
configure:7830: gcc -c -g -O2  conftest.c >&5
configure:7830: $? = 0
configure:7830: gcc -c -g -O2  conftest.c >&5
conftest.c: In function 'main':
conftest.c:93: error: expected expression before ')' token
configure:7830: $? = 1
configure: failed program was:
| /* confdefs.h */
| #define PACKAGE_NAME "minicom"
| #define PACKAGE_TARNAME "minicom"
| #define PACKAGE_VERSION "2.6.1"
| #define PACKAGE_STRING "minicom 2.6.1"
| #define PACKAGE_BUGREPORT "minicom-devel@lists.alioth.debian.org"
| #define PACKAGE_URL ""
| #define PACKAGE "minicom"
| #define VERSION "2.6.1"
| #define STDC_HEADERS 1
| #define HAVE_SYS_TYPES_H 1
| #define HAVE_SYS_STAT_H 1
| #define HAVE_STDLIB_H 1
| #define HAVE_STRING_H 1
| #define HAVE_MEMORY_H 1
| #define HAVE_STRINGS_H 1
| #define HAVE_INTTYPES_H 1
| #define HAVE_STDINT_H 1
| #define HAVE_UNISTD_H 1
| #define __EXTENSIONS__ 1
| #define _ALL_SOURCE 1
| #define _GNU_SOURCE 1
| #define _POSIX_PTHREAD_SEMANTICS 1
| #define _TANDEM_SOURCE 1
| #define HAVE_ICONV 1
| #define USE_SOCKET 1
| #define HAVE_CFPREFERENCESCOPYAPPVALUE 1
| #define HAVE_CFLOCALECOPYCURRENT 1
| #define HAVE_ICONV 1
| #define KERMIT ""
| #define HAVE_TERMCAP_H 1
| #define HAVE_DIRENT_H 1
| #define STDC_HEADERS 1
| #define HAVE_SYS_WAIT_H 1
| #define TIME_WITH_SYS_TIME 1
| #define POSIX_TERMIOS 1
| #define HAVE_STDARG_H 1
| #define HAVE_TERMIOS_H 1
| #define HAVE_SETJMP_H 1
| #define HAVE_ERRNO_H 1
| #define HAVE_PWD_H 1
| #define HAVE_SIGNAL_H 1
| #define HAVE_FCNTL_H 1
| #define HAVE_SGTTY_H 1
| #define HAVE_LOCALE_H 1
| #define HAVE_SYS_STAT_H 1
| #define HAVE_SYS_FILE_H 1
| #define HAVE_SYS_IOCTL_H 1
| #define HAVE_SYS_TIME_H 1
| #define HAVE_SYS_PARAM_H 1
| #define HAVE_UNISTD_H 1
| #define HAVE_SGTTY_H 1
| #define PROTOTYPES 1
| #define __PROTOTYPES 1
| #define HAVE_STRING_H 1
| /* end confdefs.h.  */
| #include <stdio.h>
| #ifdef HAVE_SYS_TYPES_H
| # include <sys/types.h>
| #endif
| #ifdef HAVE_SYS_STAT_H
| # include <sys/stat.h>
| #endif
| #ifdef STDC_HEADERS
| # include <stdlib.h>
| # include <stddef.h>
| #else
| # ifdef HAVE_STDLIB_H
| #  include <stdlib.h>
| # endif
| #endif
| #ifdef HAVE_STRING_H
| # if !defined STDC_HEADERS && defined HAVE_MEMORY_H
| #  include <memory.h>
| # endif
| # include <string.h>
| #endif
| #ifdef HAVE_STRINGS_H
| # include <strings.h>
| #endif
| #ifdef HAVE_INTTYPES_H
| # include <inttypes.h>
| #endif
| #ifdef HAVE_STDINT_H
| # include <stdint.h>
| #endif
| #ifdef HAVE_UNISTD_H
| # include <unistd.h>
| #endif
| int
| main ()
| {
| if (sizeof ((mode_t)))
| 	    return 0;
|   ;
|   return 0;
| }
configure:7830: result: yes
configure:7841: checking for pid_t
configure:7841: gcc -c -g -O2  conftest.c >&5
configure:7841: $? = 0
configure:7841: gcc -c -g -O2  conftest.c >&5
conftest.c: In function 'main':
conftest.c:93: error: expected expression before ')' token
configure:7841: $? = 1
configure: failed program was:
| /* confdefs.h */
| #define PACKAGE_NAME "minicom"
| #define PACKAGE_TARNAME "minicom"
| #define PACKAGE_VERSION "2.6.1"
| #define PACKAGE_STRING "minicom 2.6.1"
| #define PACKAGE_BUGREPORT "minicom-devel@lists.alioth.debian.org"
| #define PACKAGE_URL ""
| #define PACKAGE "minicom"
| #define VERSION "2.6.1"
| #define STDC_HEADERS 1
| #define HAVE_SYS_TYPES_H 1
| #define HAVE_SYS_STAT_H 1
| #define HAVE_STDLIB_H 1
| #define HAVE_STRING_H 1
| #define HAVE_MEMORY_H 1
| #define HAVE_STRINGS_H 1
| #define HAVE_INTTYPES_H 1
| #define HAVE_STDINT_H 1
| #define HAVE_UNISTD_H 1
| #define __EXTENSIONS__ 1
| #define _ALL_SOURCE 1
| #define _GNU_SOURCE 1
| #define _POSIX_PTHREAD_SEMANTICS 1
| #define _TANDEM_SOURCE 1
| #define HAVE_ICONV 1
| #define USE_SOCKET 1
| #define HAVE_CFPREFERENCESCOPYAPPVALUE 1
| #define HAVE_CFLOCALECOPYCURRENT 1
| #define HAVE_ICONV 1
| #define KERMIT ""
| #define HAVE_TERMCAP_H 1
| #define HAVE_DIRENT_H 1
| #define STDC_HEADERS 1
| #define HAVE_SYS_WAIT_H 1
| #define TIME_WITH_SYS_TIME 1
| #define POSIX_TERMIOS 1
| #define HAVE_STDARG_H 1
| #define HAVE_TERMIOS_H 1
| #define HAVE_SETJMP_H 1
| #define HAVE_ERRNO_H 1
| #define HAVE_PWD_H 1
| #define HAVE_SIGNAL_H 1
| #define HAVE_FCNTL_H 1
| #define HAVE_SGTTY_H 1
| #define HAVE_LOCALE_H 1
| #define HAVE_SYS_STAT_H 1
| #define HAVE_SYS_FILE_H 1
| #define HAVE_SYS_IOCTL_H 1
| #define HAVE_SYS_TIME_H 1
| #define HAVE_SYS_PARAM_H 1
| #define HAVE_UNISTD_H 1
| #define HAVE_SGTTY_H 1
| #define PROTOTYPES 1
| #define __PROTOTYPES 1
| #define HAVE_STRING_H 1
| /* end confdefs.h.  */
| #include <stdio.h>
| #ifdef HAVE_SYS_TYPES_H
| # include <sys/types.h>
| #endif
| #ifdef HAVE_SYS_STAT_H
| # include <sys/stat.h>
| #endif
| #ifdef STDC_HEADERS
| # include <stdlib.h>
| # include <stddef.h>
| #else
| # ifdef HAVE_STDLIB_H
| #  include <stdlib.h>
| # endif
| #endif
| #ifdef HAVE_STRING_H
| # if !defined STDC_HEADERS && defined HAVE_MEMORY_H
| #  include <memory.h>
| # endif
| # include <string.h>
| #endif
| #ifdef HAVE_STRINGS_H
| # include <strings.h>
| #endif
| #ifdef HAVE_INTTYPES_H
| # include <inttypes.h>
| #endif
| #ifdef HAVE_STDINT_H
| # include <stdint.h>
| #endif
| #ifdef HAVE_UNISTD_H
| # include <unistd.h>
| #endif
| int
| main ()
| {
| if (sizeof ((pid_t)))
| 	    return 0;
|   ;
|   return 0;
| }
configure:7841: result: yes
configure:7852: checking for size_t
configure:7852: gcc -c -g -O2  conftest.c >&5
configure:7852: $? = 0
configure:7852: gcc -c -g -O2  conftest.c >&5
conftest.c: In function 'main':
conftest.c:93: error: expected expression before ')' token
configure:7852: $? = 1
configure: failed program was:
| /* confdefs.h */
| #define PACKAGE_NAME "minicom"
| #define PACKAGE_TARNAME "minicom"
| #define PACKAGE_VERSION "2.6.1"
| #define PACKAGE_STRING "minicom 2.6.1"
| #define PACKAGE_BUGREPORT "minicom-devel@lists.alioth.debian.org"
| #define PACKAGE_URL ""
| #define PACKAGE "minicom"
| #define VERSION "2.6.1"
| #define STDC_HEADERS 1
| #define HAVE_SYS_TYPES_H 1
| #define HAVE_SYS_STAT_H 1
| #define HAVE_STDLIB_H 1
| #define HAVE_STRING_H 1
| #define HAVE_MEMORY_H 1
| #define HAVE_STRINGS_H 1
| #define HAVE_INTTYPES_H 1
| #define HAVE_STDINT_H 1
| #define HAVE_UNISTD_H 1
| #define __EXTENSIONS__ 1
| #define _ALL_SOURCE 1
| #define _GNU_SOURCE 1
| #define _POSIX_PTHREAD_SEMANTICS 1
| #define _TANDEM_SOURCE 1
| #define HAVE_ICONV 1
| #define USE_SOCKET 1
| #define HAVE_CFPREFERENCESCOPYAPPVALUE 1
| #define HAVE_CFLOCALECOPYCURRENT 1
| #define HAVE_ICONV 1
| #define KERMIT ""
| #define HAVE_TERMCAP_H 1
| #define HAVE_DIRENT_H 1
| #define STDC_HEADERS 1
| #define HAVE_SYS_WAIT_H 1
| #define TIME_WITH_SYS_TIME 1
| #define POSIX_TERMIOS 1
| #define HAVE_STDARG_H 1
| #define HAVE_TERMIOS_H 1
| #define HAVE_SETJMP_H 1
| #define HAVE_ERRNO_H 1
| #define HAVE_PWD_H 1
| #define HAVE_SIGNAL_H 1
| #define HAVE_FCNTL_H 1
| #define HAVE_SGTTY_H 1
| #define HAVE_LOCALE_H 1
| #define HAVE_SYS_STAT_H 1
| #define HAVE_SYS_FILE_H 1
| #define HAVE_SYS_IOCTL_H 1
| #define HAVE_SYS_TIME_H 1
| #define HAVE_SYS_PARAM_H 1
| #define HAVE_UNISTD_H 1
| #define HAVE_SGTTY_H 1
| #define PROTOTYPES 1
| #define __PROTOTYPES 1
| #define HAVE_STRING_H 1
| /* end confdefs.h.  */
| #include <stdio.h>
| #ifdef HAVE_SYS_TYPES_H
| # include <sys/types.h>
| #endif
| #ifdef HAVE_SYS_STAT_H
| # include <sys/stat.h>
| #endif
| #ifdef STDC_HEADERS
| # include <stdlib.h>
| # include <stddef.h>
| #else
| # ifdef HAVE_STDLIB_H
| #  include <stdlib.h>
| # endif
| #endif
| #ifdef HAVE_STRING_H
| # if !defined STDC_HEADERS && defined HAVE_MEMORY_H
| #  include <memory.h>
| # endif
| # include <string.h>
| #endif
| #ifdef HAVE_STRINGS_H
| # include <strings.h>
| #endif
| #ifdef HAVE_INTTYPES_H
| # include <inttypes.h>
| #endif
| #ifdef HAVE_STDINT_H
| # include <stdint.h>
| #endif
| #ifdef HAVE_UNISTD_H
| # include <unistd.h>
| #endif
| int
| main ()
| {
| if (sizeof ((size_t)))
| 	    return 0;
|   ;
|   return 0;
| }
configure:7852: result: yes
configure:7863: checking whether struct tm is in sys/time.h or time.h
configure:7883: gcc -c -g -O2  conftest.c >&5
configure:7883: $? = 0
configure:7890: result: time.h
configure:7899: checking return type of signal handlers
configure:7917: gcc -c -g -O2  conftest.c >&5
conftest.c: In function 'main':
conftest.c:63: error: void value not ignored as it ought to be
configure:7917: $? = 1
configure: failed program was:
| /* confdefs.h */
| #define PACKAGE_NAME "minicom"
| #define PACKAGE_TARNAME "minicom"
| #define PACKAGE_VERSION "2.6.1"
| #define PACKAGE_STRING "minicom 2.6.1"
| #define PACKAGE_BUGREPORT "minicom-devel@lists.alioth.debian.org"
| #define PACKAGE_URL ""
| #define PACKAGE "minicom"
| #define VERSION "2.6.1"
| #define STDC_HEADERS 1
| #define HAVE_SYS_TYPES_H 1
| #define HAVE_SYS_STAT_H 1
| #define HAVE_STDLIB_H 1
| #define HAVE_STRING_H 1
| #define HAVE_MEMORY_H 1
| #define HAVE_STRINGS_H 1
| #define HAVE_INTTYPES_H 1
| #define HAVE_STDINT_H 1
| #define HAVE_UNISTD_H 1
| #define __EXTENSIONS__ 1
| #define _ALL_SOURCE 1
| #define _GNU_SOURCE 1
| #define _POSIX_PTHREAD_SEMANTICS 1
| #define _TANDEM_SOURCE 1
| #define HAVE_ICONV 1
| #define USE_SOCKET 1
| #define HAVE_CFPREFERENCESCOPYAPPVALUE 1
| #define HAVE_CFLOCALECOPYCURRENT 1
| #define HAVE_ICONV 1
| #define KERMIT ""
| #define HAVE_TERMCAP_H 1
| #define HAVE_DIRENT_H 1
| #define STDC_HEADERS 1
| #define HAVE_SYS_WAIT_H 1
| #define TIME_WITH_SYS_TIME 1
| #define POSIX_TERMIOS 1
| #define HAVE_STDARG_H 1
| #define HAVE_TERMIOS_H 1
| #define HAVE_SETJMP_H 1
| #define HAVE_ERRNO_H 1
| #define HAVE_PWD_H 1
| #define HAVE_SIGNAL_H 1
| #define HAVE_FCNTL_H 1
| #define HAVE_SGTTY_H 1
| #define HAVE_LOCALE_H 1
| #define HAVE_SYS_STAT_H 1
| #define HAVE_SYS_FILE_H 1
| #define HAVE_SYS_IOCTL_H 1
| #define HAVE_SYS_TIME_H 1
| #define HAVE_SYS_PARAM_H 1
| #define HAVE_UNISTD_H 1
| #define HAVE_SGTTY_H 1
| #define PROTOTYPES 1
| #define __PROTOTYPES 1
| #define HAVE_STRING_H 1
| /* end confdefs.h.  */
| #include <sys/types.h>
| #include <signal.h>
| 
| int
| main ()
| {
| return *(signal (0, 0)) (0) == 1;
|   ;
|   return 0;
| }
configure:7924: result: void
configure:7932: checking for error_at_line
configure:7948: gcc -o conftest -g -O2   conftest.c   -lncurses >&5
conftest.c:58:19: error: error.h: No such file or directory
configure:7948: $? = 1
configure: failed program was:
| /* confdefs.h */
| #define PACKAGE_NAME "minicom"
| #define PACKAGE_TARNAME "minicom"
| #define PACKAGE_VERSION "2.6.1"
| #define PACKAGE_STRING "minicom 2.6.1"
| #define PACKAGE_BUGREPORT "minicom-devel@lists.alioth.debian.org"
| #define PACKAGE_URL ""
| #define PACKAGE "minicom"
| #define VERSION "2.6.1"
| #define STDC_HEADERS 1
| #define HAVE_SYS_TYPES_H 1
| #define HAVE_SYS_STAT_H 1
| #define HAVE_STDLIB_H 1
| #define HAVE_STRING_H 1
| #define HAVE_MEMORY_H 1
| #define HAVE_STRINGS_H 1
| #define HAVE_INTTYPES_H 1
| #define HAVE_STDINT_H 1
| #define HAVE_UNISTD_H 1
| #define __EXTENSIONS__ 1
| #define _ALL_SOURCE 1
| #define _GNU_SOURCE 1
| #define _POSIX_PTHREAD_SEMANTICS 1
| #define _TANDEM_SOURCE 1
| #define HAVE_ICONV 1
| #define USE_SOCKET 1
| #define HAVE_CFPREFERENCESCOPYAPPVALUE 1
| #define HAVE_CFLOCALECOPYCURRENT 1
| #define HAVE_ICONV 1
| #define KERMIT ""
| #define HAVE_TERMCAP_H 1
| #define HAVE_DIRENT_H 1
| #define STDC_HEADERS 1
| #define HAVE_SYS_WAIT_H 1
| #define TIME_WITH_SYS_TIME 1
| #define POSIX_TERMIOS 1
| #define HAVE_STDARG_H 1
| #define HAVE_TERMIOS_H 1
| #define HAVE_SETJMP_H 1
| #define HAVE_ERRNO_H 1
| #define HAVE_PWD_H 1
| #define HAVE_SIGNAL_H 1
| #define HAVE_FCNTL_H 1
| #define HAVE_SGTTY_H 1
| #define HAVE_LOCALE_H 1
| #define HAVE_SYS_STAT_H 1
| #define HAVE_SYS_FILE_H 1
| #define HAVE_SYS_IOCTL_H 1
| #define HAVE_SYS_TIME_H 1
| #define HAVE_SYS_PARAM_H 1
| #define HAVE_UNISTD_H 1
| #define HAVE_SGTTY_H 1
| #define PROTOTYPES 1
| #define __PROTOTYPES 1
| #define HAVE_STRING_H 1
| #define RETSIGTYPE void
| /* end confdefs.h.  */
| #include <error.h>
| int
| main ()
| {
| error_at_line (0, 0, "", 0, "an error occurred");
|   ;
|   return 0;
| }
configure:7956: result: no
configure:7967: checking whether closedir returns void
configure:7991: gcc -o conftest -g -O2   conftest.c   -lncurses >&5
configure:7991: $? = 0
configure:7991: ./conftest
configure:7991: $? = 0
configure:8001: result: no
configure:8009: checking if malloc debugging is wanted
configure:8027: result: no
configure:8035: checking for getcwd
configure:8035: gcc -o conftest -g -O2   conftest.c   -lncurses >&5
configure:8035: $? = 0
configure:8035: result: yes
configure:8035: checking for getwd
configure:8035: gcc -o conftest -g -O2   conftest.c   -lncurses >&5
configure:8035: $? = 0
configure:8035: result: yes
configure:8035: checking for memmove
configure:8035: gcc -o conftest -g -O2   conftest.c   -lncurses >&5
conftest.c:83: warning: conflicting types for built-in function 'memmove'
configure:8035: $? = 0
configure:8035: result: yes
configure:8035: checking for strerror
configure:8035: gcc -o conftest -g -O2   conftest.c   -lncurses >&5
configure:8035: $? = 0
configure:8035: result: yes
configure:8035: checking for strstr
configure:8035: gcc -o conftest -g -O2   conftest.c   -lncurses >&5
conftest.c:85: warning: conflicting types for built-in function 'strstr'
configure:8035: $? = 0
configure:8035: result: yes
configure:8035: checking for vsnprintf
configure:8035: gcc -o conftest -g -O2   conftest.c   -lncurses >&5
conftest.c:86: warning: conflicting types for built-in function 'vsnprintf'
configure:8035: $? = 0
configure:8035: result: yes
configure:8035: checking for vprintf
configure:8035: gcc -o conftest -g -O2   conftest.c   -lncurses >&5
conftest.c:87: warning: conflicting types for built-in function 'vprintf'
configure:8035: $? = 0
configure:8035: result: yes
configure:8035: checking for select
configure:8035: gcc -o conftest -g -O2   conftest.c   -lncurses >&5
configure:8035: $? = 0
configure:8035: result: yes
configure:8047: checking for snprintf
configure:8047: gcc -o conftest -g -O2   conftest.c   -lncurses >&5
conftest.c:89: warning: conflicting types for built-in function 'snprintf'
configure:8047: $? = 0
configure:8047: result: yes
configure:8060: checking for usleep
configure:8060: gcc -o conftest -g -O2   conftest.c   -lncurses >&5
configure:8060: $? = 0
configure:8060: result: yes
configure:8073: checking for getopt
configure:8073: gcc -o conftest -g -O2   conftest.c   -lncurses >&5
configure:8073: $? = 0
configure:8073: result: yes
configure:8086: checking for getopt_long
configure:8086: gcc -o conftest -g -O2   conftest.c   -lncurses >&5
configure:8086: $? = 0
configure:8086: result: yes
configure:8101: checking for long file names
configure:8133: result: yes
configure:8143: checking for com line lock directory
configure:8167: result: /var/spool/lock
configure:8186: checking for default serial port device
configure:8226: result: /dev/modem
configure:8236: checking for default baud rate
configure:8250: result: 115200
configure:8413: creating ./config.status

## ---------------------- ##
## Running config.status. ##
## ---------------------- ##

This file was extended by minicom config.status 2.6.1, which was
generated by GNU Autoconf 2.68.  Invocation command line was

  CONFIG_FILES    = 
  CONFIG_HEADERS  = 
  CONFIG_LINKS    = 
  CONFIG_COMMANDS = 
  $ ./config.status 

on argo.avrasoft.ca

config.status:968: creating Makefile
config.status:968: creating doc/Makefile
config.status:968: creating extras/Makefile
config.status:968: creating extras/linux/Makefile
config.status:968: creating extras/tables/Makefile
config.status:968: creating extras/termcap/Makefile
config.status:968: creating extras/terminfo/Makefile
config.status:968: creating man/Makefile
config.status:968: creating lib/Makefile
config.status:968: creating src/Makefile
config.status:968: creating po/Makefile.in
config.status:968: creating minicom.spec
config.status:968: creating config.h
config.status:1197: executing depfiles commands
config.status:1197: executing po-directories commands

## ---------------- ##
## Cache variables. ##
## ---------------- ##

ac_cv_build=x86_64-apple-darwin11.4.2
ac_cv_c_compiler_gnu=yes
ac_cv_c_const=yes
ac_cv_env_CC_set=
ac_cv_env_CC_value=
ac_cv_env_CFLAGS_set=
ac_cv_env_CFLAGS_value=
ac_cv_env_CPPFLAGS_set=
ac_cv_env_CPPFLAGS_value=
ac_cv_env_CPP_set=
ac_cv_env_CPP_value=
ac_cv_env_LDFLAGS_set=
ac_cv_env_LDFLAGS_value=
ac_cv_env_LIBS_set=
ac_cv_env_LIBS_value=
ac_cv_env_LOCKDEV_CFLAGS_set=
ac_cv_env_LOCKDEV_CFLAGS_value=
ac_cv_env_LOCKDEV_LIBS_set=
ac_cv_env_LOCKDEV_LIBS_value=
ac_cv_env_PKG_CONFIG_LIBDIR_set=
ac_cv_env_PKG_CONFIG_LIBDIR_value=
ac_cv_env_PKG_CONFIG_PATH_set=
ac_cv_env_PKG_CONFIG_PATH_value=
ac_cv_env_PKG_CONFIG_set=
ac_cv_env_PKG_CONFIG_value=
ac_cv_env_build_alias_set=
ac_cv_env_build_alias_value=
ac_cv_env_host_alias_set=
ac_cv_env_host_alias_value=
ac_cv_env_target_alias_set=
ac_cv_env_target_alias_value=
ac_cv_func_closedir_void=no
ac_cv_func_getcwd=yes
ac_cv_func_getopt=yes
ac_cv_func_getopt_long=yes
ac_cv_func_getwd=yes
ac_cv_func_memmove=yes
ac_cv_func_select=yes
ac_cv_func_snprintf=yes
ac_cv_func_strerror=yes
ac_cv_func_strstr=yes
ac_cv_func_usleep=yes
ac_cv_func_vprintf=yes
ac_cv_func_vsnprintf=yes
ac_cv_header_dirent_dirent_h=yes
ac_cv_header_errno_h=yes
ac_cv_header_fcntl_h=yes
ac_cv_header_features_h=no
ac_cv_header_inttypes_h=yes
ac_cv_header_locale_h=yes
ac_cv_header_memory_h=yes
ac_cv_header_minix_config_h=no
ac_cv_header_ncurses_termcap_h=no
ac_cv_header_posix1_lim_h=no
ac_cv_header_pwd_h=yes
ac_cv_header_setjmp_h=yes
ac_cv_header_sgtty_h=yes
ac_cv_header_signal_h=yes
ac_cv_header_stat_broken=no
ac_cv_header_stdarg_h=yes
ac_cv_header_stdc=yes
ac_cv_header_stdint_h=yes
ac_cv_header_stdlib_h=yes
ac_cv_header_string_h=yes
ac_cv_header_strings_h=yes
ac_cv_header_sys_file_h=yes
ac_cv_header_sys_ioctl_h=yes
ac_cv_header_sys_param_h=yes
ac_cv_header_sys_stat_h=yes
ac_cv_header_sys_time_h=yes
ac_cv_header_sys_ttold_h=no
ac_cv_header_sys_types_h=yes
ac_cv_header_sys_wait_h=yes
ac_cv_header_termcap_h=yes
ac_cv_header_termio_h=no
ac_cv_header_termios_h=yes
ac_cv_header_time=yes
ac_cv_header_unistd_h=yes
ac_cv_header_varargs_h=no
ac_cv_host=x86_64-apple-darwin11.4.2
ac_cv_lib_error_at_line=no
ac_cv_lib_ncurses___tputs=yes
ac_cv_lib_socket_socket=no
ac_cv_lib_tinfo___tputs=no
ac_cv_objext=o
ac_cv_path_EGREP='/usr/bin/grep -E'
ac_cv_path_GMSGFMT=:
ac_cv_path_GREP=/usr/bin/grep
ac_cv_path_MSGFMT=:
ac_cv_path_MSGMERGE=:
ac_cv_path_PATH_KERMIT=no
ac_cv_path_XGETTEXT=:
ac_cv_path_install='/usr/bin/install -c'
ac_cv_prog_AWK=awk
ac_cv_prog_CPP='gcc -E'
ac_cv_prog_ac_ct_CC=gcc
ac_cv_prog_ac_ct_RANLIB=ranlib
ac_cv_prog_cc_c89=
ac_cv_prog_cc_g=yes
ac_cv_prog_make_make_set=yes
ac_cv_safe_to_define___extensions__=yes
ac_cv_search_opendir='none required'
ac_cv_search_strerror='none required'
ac_cv_struct_tm=time.h
ac_cv_sys_long_file_names=yes
ac_cv_sys_posix_termios=yes
ac_cv_sys_tiocgwinsz_in_termios_h=yes
ac_cv_type_mode_t=yes
ac_cv_type_pid_t=yes
ac_cv_type_signal=void
ac_cv_type_size_t=yes
ac_cv_type_uid_t=yes
acl_cv_hardcode_direct=no
acl_cv_hardcode_libdir_flag_spec=
acl_cv_hardcode_libdir_separator=
acl_cv_hardcode_minus_L=no
acl_cv_libext=a
acl_cv_path_LD=/usr/llvm-gcc-4.2/libexec/gcc/i686-apple-darwin11/4.2.1/ld
acl_cv_prog_gnu_ld=no
acl_cv_rpath=done
acl_cv_shlibext=dylib
acl_cv_wl=-Wl,
am_cv_CC_dependencies_compiler_type=gcc3
am_cv_func_iconv=yes
am_cv_func_iconv_works=yes
am_cv_lib_iconv=yes
gt_cv_func_CFLocaleCopyCurrent=yes
gt_cv_func_CFPreferencesCopyAppValue=yes
gt_cv_func_gnugettext1_libc=no
gt_cv_func_gnugettext1_libintl=no

## ----------------- ##
## Output variables. ##
## ----------------- ##

ACLOCAL='${SHELL} /Users/hoover/Desktop/minicom/minicom-2.6.1/missing --run aclocal-1.11'
AMDEPBACKSLASH='\'
AMDEP_FALSE='#'
AMDEP_TRUE=''
AMTAR='${SHELL} /Users/hoover/Desktop/minicom/minicom-2.6.1/missing --run tar'
ANSI2KNR=''
AUTOCONF='${SHELL} /Users/hoover/Desktop/minicom/minicom-2.6.1/missing --run autoconf'
AUTOHEADER='${SHELL} /Users/hoover/Desktop/minicom/minicom-2.6.1/missing --run autoheader'
AUTOMAKE='${SHELL} /Users/hoover/Desktop/minicom/minicom-2.6.1/missing --run automake-1.11'
AWK='awk'
CC='gcc'
CCDEPMODE='depmode=gcc3'
CFLAGS='-g -O2 -W -Wall -Wextra -std=gnu99'
CPP='gcc -E'
CPPFLAGS=''
CYGPATH_W='echo'
DEFS='-DHAVE_CONFIG_H'
DEPDIR='.deps'
ECHO_C='\c'
ECHO_N=''
ECHO_T=''
EGREP='/usr/bin/grep -E'
EXEEXT=''
GETTEXT_MACRO_VERSION='0.18'
GMSGFMT=':'
GMSGFMT_015=':'
GREP='/usr/bin/grep'
INSTALL_DATA='${INSTALL} -m 644'
INSTALL_PROGRAM='${INSTALL}'
INSTALL_SCRIPT='${INSTALL}'
INSTALL_STRIP_PROGRAM='$(install_sh) -c -s'
INTLLIBS=''
INTL_MACOSX_LIBS='-Wl,-framework -Wl,CoreFoundation'
KEYSERV=''
LDFLAGS=''
LIBICONV='-liconv'
LIBINTL=''
LIBOBJS=' ${LIBOBJDIR}error$U.o'
LIBPORT_GETOPT_LONG_DEP=''
LIBS='  -lncurses'
LOCKDEV_CFLAGS=''
LOCKDEV_LIBS=''
LTLIBICONV='-liconv'
LTLIBINTL=''
LTLIBOBJS=' ${LIBOBJDIR}error$U.lo'
MAKEINFO='${SHELL} /Users/hoover/Desktop/minicom/minicom-2.6.1/missing --run makeinfo'
MINICOM_CONFDIR='${prefix}/etc'
MKDIR_P='./install-sh -c -d'
MSGFMT=':'
MSGFMT_015=':'
MSGMERGE=':'
OBJEXT='o'
PACKAGE='minicom'
PACKAGE_BUGREPORT='minicom-devel@lists.alioth.debian.org'
PACKAGE_NAME='minicom'
PACKAGE_STRING='minicom 2.6.1'
PACKAGE_TARNAME='minicom'
PACKAGE_URL=''
PACKAGE_VERSION='2.6.1'
PATH_KERMIT='no'
PATH_SEPARATOR=':'
PKG_CONFIG=''
PKG_CONFIG_LIBDIR=''
PKG_CONFIG_PATH=''
POSUB=''
RANLIB='ranlib'
SET_MAKE=''
SHELL='/bin/sh'
STRIP=''
U=''
USE_NLS='no'
VERSION='2.6.1'
XGETTEXT=':'
XGETTEXT_015=':'
XGETTEXT_EXTRA_OPTIONS=''
ac_ct_CC='gcc'
am__EXEEXT_FALSE=''
am__EXEEXT_TRUE='#'
am__fastdepCC_FALSE='#'
am__fastdepCC_TRUE=''
am__include='include'
am__isrc=''
am__leading_dot='.'
am__quote=''
am__tar='${AMTAR} chof - "$$tardir"'
am__untar='${AMTAR} xf -'
bindir='${exec_prefix}/bin'
build='x86_64-apple-darwin11.4.2'
build_alias=''
build_cpu='x86_64'
build_os='darwin11.4.2'
build_vendor='apple'
datadir='${datarootdir}'
datarootdir='${prefix}/share'
docdir='${datarootdir}/doc/${PACKAGE_TARNAME}'
dvidir='${docdir}'
exec_prefix='${prefix}'
host='x86_64-apple-darwin11.4.2'
host_alias=''
host_cpu='x86_64'
host_os='darwin11.4.2'
host_vendor='apple'
htmldir='${docdir}'
includedir='${prefix}/include'
infodir='${datarootdir}/info'
install_sh='${SHELL} /Users/hoover/Desktop/minicom/minicom-2.6.1/install-sh'
libdir='${exec_prefix}/lib'
libexecdir='${exec_prefix}/libexec'
localedir='${datarootdir}/locale'
localstatedir='${prefix}/var'
mandir='${datarootdir}/man'
mkdir_p='$(top_builddir)/./install-sh -c -d'
oldincludedir='/usr/include'
pdfdir='${docdir}'
prefix='/usr/local'
program_transform_name='s,x,x,'
psdir='${docdir}'
sbindir='${exec_prefix}/sbin'
sharedstatedir='${prefix}/com'
sysconfdir='${prefix}/etc'
target_alias=''

## ----------- ##
## confdefs.h. ##
## ----------- ##

/* confdefs.h */
#define PACKAGE_NAME "minicom"
#define PACKAGE_TARNAME "minicom"
#define PACKAGE_VERSION "2.6.1"
#define PACKAGE_STRING "minicom 2.6.1"
#define PACKAGE_BUGREPORT "minicom-devel@lists.alioth.debian.org"
#define PACKAGE_URL ""
#define PACKAGE "minicom"
#define VERSION "2.6.1"
#define STDC_HEADERS 1
#define HAVE_SYS_TYPES_H 1
#define HAVE_SYS_STAT_H 1
#define HAVE_STDLIB_H 1
#define HAVE_STRING_H 1
#define HAVE_MEMORY_H 1
#define HAVE_STRINGS_H 1
#define HAVE_INTTYPES_H 1
#define HAVE_STDINT_H 1
#define HAVE_UNISTD_H 1
#define __EXTENSIONS__ 1
#define _ALL_SOURCE 1
#define _GNU_SOURCE 1
#define _POSIX_PTHREAD_SEMANTICS 1
#define _TANDEM_SOURCE 1
#define HAVE_ICONV 1
#define USE_SOCKET 1
#define HAVE_CFPREFERENCESCOPYAPPVALUE 1
#define HAVE_CFLOCALECOPYCURRENT 1
#define HAVE_ICONV 1
#define KERMIT ""
#define HAVE_TERMCAP_H 1
#define HAVE_DIRENT_H 1
#define STDC_HEADERS 1
#define HAVE_SYS_WAIT_H 1
#define TIME_WITH_SYS_TIME 1
#define POSIX_TERMIOS 1
#define HAVE_STDARG_H 1
#define HAVE_TERMIOS_H 1
#define HAVE_SETJMP_H 1
#define HAVE_ERRNO_H 1
#define HAVE_PWD_H 1
#define HAVE_SIGNAL_H 1
#define HAVE_FCNTL_H 1
#define HAVE_SGTTY_H 1
#define HAVE_LOCALE_H 1
#define HAVE_SYS_STAT_H 1
#define HAVE_SYS_FILE_H 1
#define HAVE_SYS_IOCTL_H 1
#define HAVE_SYS_TIME_H 1
#define HAVE_SYS_PARAM_H 1
#define HAVE_UNISTD_H 1
#define HAVE_SGTTY_H 1
#define PROTOTYPES 1
#define __PROTOTYPES 1
#define HAVE_STRING_H 1
#define RETSIGTYPE void
#define HAVE_GETCWD 1
#define HAVE_GETWD 1
#define HAVE_MEMMOVE 1
#define HAVE_STRERROR 1
#define HAVE_STRSTR 1
#define HAVE_VSNPRINTF 1
#define HAVE_VPRINTF 1
#define HAVE_SELECT 1
#define HAVE_SNPRINTF 1
#define HAVE_USLEEP 1
#define HAVE_GETOPT 1
#define HAVE_GETOPT_LONG 1
#define HAVE_LONG_FILE_NAMES 1
#define UUCPLOCK "/var/spool/lock"
#define DFL_PORT "/dev/modem"
#define DEF_BAUD "115200"

configure: exit 0
